2023-04-18 14:13:41 info: Products fetched correctly
2023-04-18 14:24:57 info: Products fetched correctly
2023-04-18 14:24:57 info: Products fetched correctly
2023-04-18 14:24:57 info: Products fetched correctly
2023-04-18 14:24:57 info: Products fetched correctly
2023-04-18 14:25:07 info: Products fetched correctly
2023-04-18 14:25:16 info: Products fetched correctly
2023-04-18 14:25:27 error: Error getting products: Error: Connection lost: The server closed the connection.
2023-04-18 14:25:36 info: Products fetched correctly
2023-04-18 14:25:36 info: Products fetched correctly
2023-04-18 14:25:36 info: Products fetched correctly
2023-04-18 14:25:36 info: Products fetched correctly
2023-04-18 14:25:37 info: Products fetched correctly
2023-04-18 14:25:37 info: Products fetched correctly
2023-04-18 14:25:40 info: Product fetched successfully with id: 71
2023-04-18 14:25:40 info: Product fetched successfully with id: 71
2023-04-18 14:25:40 info: Products fetched correctly
2023-04-18 14:25:41 info: Products fetched correctly
2023-04-18 14:25:49 info: Order created successfully
2023-04-18 14:26:02 info: Products fetched correctly
2023-04-18 14:26:02 info: Products fetched correctly
2023-04-18 15:14:23 info: Products fetched correctly
2023-04-18 15:14:23 info: Products fetched correctly
2023-04-18 15:16:47 info: Products fetched correctly
2023-04-18 15:16:48 info: Products fetched correctly
2023-04-18 15:16:52 info: Products fetched correctly
2023-04-18 15:16:52 info: Products fetched correctly
2023-04-18 15:24:37 info: Products fetched correctly
2023-04-18 15:24:37 info: Products fetched correctly
2023-04-18 15:25:04 info: Products fetched correctly
2023-04-18 15:25:04 info: Products fetched correctly
2023-04-18 15:25:22 info: Products fetched correctly
2023-04-18 15:25:22 info: Products fetched correctly
2023-04-18 15:25:56 info: Products fetched correctly
2023-04-18 15:25:56 info: Products fetched correctly
2023-04-18 15:26:06 info: Products fetched correctly
2023-04-18 15:26:06 info: Products fetched correctly
2023-04-18 15:29:18 info: Products fetched correctly
2023-04-18 15:29:18 info: Products fetched correctly
2023-04-18 15:29:23 info: Products fetched correctly
2023-04-18 15:29:23 info: Products fetched correctly
2023-04-18 15:29:36 info: Products fetched correctly
2023-04-18 15:29:36 info: Products fetched correctly
2023-04-18 15:30:34 info: Products fetched correctly
2023-04-18 15:30:34 info: Products fetched correctly
2023-04-18 15:32:13 info: Products fetched correctly
2023-04-18 15:32:13 info: Products fetched correctly
2023-04-18 15:33:42 info: Product fetched successfully with id: 85
2023-04-18 15:33:42 info: Product fetched successfully with id: 85
2023-04-18 15:33:42 info: Products fetched correctly
2023-04-18 15:33:42 info: Products fetched correctly
2023-04-18 15:40:16 info: Product fetched successfully with id: 85
2023-04-18 15:40:28 info: Product fetched successfully with id: 85
2023-04-18 15:40:56 info: Product fetched successfully with id: 85
2023-04-18 15:41:09 info: Products fetched correctly
2023-04-18 15:41:10 info: Products fetched correctly
2023-04-18 15:41:13 info:  demo.admin@example.com logged in  successfully
2023-04-18 15:41:14 info: Products fetched correctly
2023-04-18 15:41:14 info: Products fetched correctly
2023-04-18 15:41:15 info: Products fetched correctly
2023-04-18 15:41:15 info: Products fetched correctly
2023-04-18 15:41:15 info: Products fetched correctly
2023-04-18 15:41:15 info: Products fetched correctly
2023-04-18 15:41:16 info: Products fetched correctly
2023-04-18 15:41:16 info: Products fetched correctly
2023-04-18 15:41:17 info: Product fetched successfully with id: 76
2023-04-18 15:41:17 info: Product fetched successfully with id: 76
2023-04-18 15:41:17 info: Products fetched correctly
2023-04-18 15:41:17 info: Products fetched correctly
2023-04-18 15:42:59 info: Product fetched successfully with id: 76
2023-04-18 15:42:59 info: Product fetched successfully with id: 76
2023-04-18 15:42:59 info: Products fetched correctly
2023-04-18 15:42:59 info: Products fetched correctly
2023-04-18 15:43:02 error: Column 'user_id' cannot be null
2023-04-18 15:45:57 info: Product fetched successfully with id: 76
2023-04-18 15:46:03 info: Product fetched successfully with id: 76
2023-04-18 15:46:14 info: Product fetched successfully with id: 76
2023-04-18 15:46:21 info: Product fetched successfully with id: 76
2023-04-18 15:46:30 info: Product fetched successfully with id: 76
2023-04-18 15:46:50 info: Product fetched successfully with id: 76
2023-04-18 15:47:09 info: Product fetched successfully with id: 76
2023-04-18 15:47:30 info: Product fetched successfully with id: 76
2023-04-18 15:47:30 info: Product fetched successfully with id: 76
2023-04-18 15:47:30 info: Products fetched correctly
2023-04-18 15:47:30 info: Products fetched correctly
2023-04-18 15:47:38 info: Product fetched successfully with id: 76
2023-04-18 15:47:51 info: Product fetched successfully with id: 76
2023-04-18 15:48:03 info: Product fetched successfully with id: 76
2023-04-18 15:48:05 error: Column 'user_id' cannot be null
2023-04-18 15:48:52 info: Product fetched successfully with id: 76
2023-04-18 15:48:54 error: Column 'user_id' cannot be null
2023-04-18 15:50:29 error: Column 'user_id' cannot be null
2023-04-18 15:53:40 info: Product fetched successfully with id: 76
2023-04-18 15:53:41 info: Product fetched successfully with id: 76
2023-04-18 15:53:44 error: Column 'user_id' cannot be null
2023-04-18 15:53:57 info: Products fetched correctly
2023-04-18 15:53:57 info: Products fetched correctly
2023-04-18 15:53:57 info: Products fetched correctly
2023-04-18 15:53:57 info: Products fetched correctly
2023-04-18 15:53:57 info: Products fetched correctly
2023-04-18 15:53:57 info: Products fetched correctly
2023-04-18 15:53:59 info: Product fetched successfully with id: 86
2023-04-18 15:54:00 info: Product fetched successfully with id: 86
2023-04-18 15:54:00 info: Products fetched correctly
2023-04-18 15:54:00 info: Products fetched correctly
2023-04-18 15:54:01 error: Column 'user_id' cannot be null
2023-04-18 15:56:21 error: Column 'user_id' cannot be null
2023-04-18 15:57:50 error: Column 'user_id' cannot be null
2023-04-18 16:00:19 error: Column 'user_id' cannot be null
2023-04-18 16:01:16 error: Column 'user_id' cannot be null
2023-04-18 16:01:30 error: Column 'user_id' cannot be null
2023-04-18 16:01:55 error: Column 'user_id' cannot be null
2023-04-18 16:03:50 error: Column 'user_id' cannot be null
2023-04-18 17:04:09 info: Product fetched successfully with id: 86
2023-04-18 17:04:09 info: Product fetched successfully with id: 86
2023-04-18 17:04:09 info: Products fetched correctly
2023-04-18 17:04:09 info: Products fetched correctly
2023-04-18 17:06:26 info: Product fetched successfully with id: 86
2023-04-18 17:06:27 info: Product fetched successfully with id: 86
2023-04-18 17:06:27 info: Product fetched successfully with id: 86
2023-04-18 17:06:28 info: Products fetched correctly
2023-04-18 17:06:28 info: Products fetched correctly
2023-04-18 17:06:36 info: Product fetched successfully with id: 86
2023-04-18 17:06:37 info: Product fetched successfully with id: 86
2023-04-18 17:06:37 info: Product fetched successfully with id: 86
2023-04-18 17:06:38 info: Products fetched correctly
2023-04-18 17:06:38 info: Products fetched correctly
2023-04-18 17:06:55 info: Product fetched successfully with id: 86
2023-04-18 17:07:12 info: Product fetched successfully with id: 86
2023-04-18 17:07:36 info: Product fetched successfully with id: 86
2023-04-18 17:09:50 info: Product fetched successfully with id: 86
2023-04-18 17:09:50 info: Product fetched successfully with id: 86
2023-04-18 17:09:50 info: Products fetched correctly
2023-04-18 17:09:50 info: Products fetched correctly
2023-04-18 17:10:04 info: Product fetched successfully with id: 86
2023-04-18 17:10:05 info: Product fetched successfully with id: 86
2023-04-18 17:10:05 info: Products fetched correctly
2023-04-18 17:10:05 info: Products fetched correctly
2023-04-18 17:10:42 info: Product fetched successfully with id: 86
2023-04-18 17:10:42 info: Product fetched successfully with id: 86
2023-04-18 17:10:42 info: Products fetched correctly
2023-04-18 17:10:42 info: Products fetched correctly
2023-04-18 17:11:24 info: Product fetched successfully with id: 86
2023-04-18 17:11:38 info: Product fetched successfully with id: 86
2023-04-18 17:11:48 info: Product fetched successfully with id: 86
2023-04-18 17:11:49 info: Product fetched successfully with id: 86
2023-04-18 17:11:49 info: Products fetched correctly
2023-04-18 17:11:49 info: Products fetched correctly
2023-04-18 17:11:50 info: Products fetched correctly
2023-04-18 17:11:50 info: Products fetched correctly
2023-04-18 17:11:51 info: Products fetched correctly
2023-04-18 17:11:51 info: Products fetched correctly
2023-04-18 17:11:51 info: Products fetched correctly
2023-04-18 17:11:51 info: Products fetched correctly
2023-04-18 17:11:52 info: Products fetched correctly
2023-04-18 17:11:52 info: Products fetched correctly
2023-04-18 17:11:54 info: Product fetched successfully with id: 70
2023-04-18 17:11:54 info: Product fetched successfully with id: 70
2023-04-18 17:11:54 info: Products fetched correctly
2023-04-18 17:11:54 info: Products fetched correctly
2023-04-18 17:12:03 info:  demo.admin@example.com logged in  successfully
2023-04-18 17:12:03 info: Products fetched correctly
2023-04-18 17:12:03 info: Products fetched correctly
2023-04-18 17:13:13 info: Product fetched successfully with id: 86
2023-04-18 17:13:13 info: Product fetched successfully with id: 86
2023-04-18 17:13:13 info: Products fetched correctly
2023-04-18 17:13:14 info: Products fetched correctly
2023-04-18 17:13:42 info: Product fetched successfully with id: 86
2023-04-18 17:13:55 info: Product fetched successfully with id: 86
2023-04-18 17:13:57 info: Products fetched correctly
2023-04-18 17:13:57 info: Products fetched correctly
2023-04-18 17:13:57 info: Products fetched correctly
2023-04-18 17:13:57 info: Products fetched correctly
2023-04-18 17:13:57 info: Products fetched correctly
2023-04-18 17:13:57 info: Products fetched correctly
2023-04-18 17:13:59 info: Product fetched successfully with id: 71
2023-04-18 17:13:59 info: Products fetched correctly
2023-04-18 17:13:59 info: Product fetched successfully with id: 71
2023-04-18 17:13:59 info: Products fetched correctly
2023-04-18 17:14:03 info: Orders fetched correctly for customer with ID: 14
2023-04-18 17:14:04 info: Orders fetched correctly for customer with ID: 14
2023-04-18 17:21:20 info: Orders fetched correctly for customer with ID: 14
2023-04-18 17:21:20 info: Orders fetched correctly for customer with ID: 14
2023-04-18 17:21:49 info: Orders fetched correctly for customer with ID: 14
2023-04-18 17:22:04 info: Orders fetched correctly for customer with ID: 14
2023-04-18 17:22:41 info: Orders fetched correctly for customer with ID: 14
2023-04-18 17:23:00 info: Orders fetched correctly for customer with ID: 14
2023-04-18 17:23:29 info: Orders fetched correctly for customer with ID: 14
2023-04-18 17:24:48 info: Orders fetched correctly for customer with ID: 14
2023-04-18 17:25:13 info: Orders fetched correctly for customer with ID: 14
2023-04-18 17:25:29 info: Orders fetched correctly for customer with ID: 14
2023-04-18 17:25:31 info: Product fetched successfully with id: 86
2023-04-18 17:25:31 info: Product fetched successfully with id: 86
2023-04-18 17:25:31 info: Products fetched correctly
2023-04-18 17:25:31 info: Products fetched correctly
2023-04-18 17:25:33 info: Orders fetched correctly for customer with ID: 14
2023-04-18 17:25:33 info: Orders fetched correctly for customer with ID: 14
2023-04-18 17:28:07 info: Orders fetched correctly for customer with ID: 14
2023-04-18 17:28:15 info: Orders fetched correctly for customer with ID: 14
2023-04-18 17:28:31 info: Orders fetched correctly for customer with ID: 14
2023-04-18 17:28:37 info: Product fetched successfully with id: 86
2023-04-18 17:28:37 info: Product fetched successfully with id: 86
2023-04-18 17:28:37 info: Products fetched correctly
2023-04-18 17:28:37 info: Products fetched correctly
2023-04-18 17:28:38 info: Orders fetched correctly for customer with ID: 14
2023-04-18 17:28:38 info: Orders fetched correctly for customer with ID: 14
2023-04-18 17:28:54 info: Orders fetched correctly for customer with ID: 14
2023-04-18 17:29:22 info: Orders fetched correctly for customer with ID: 14
2023-04-18 17:29:32 info: Orders fetched correctly for customer with ID: 14
2023-04-18 17:29:48 info: Orders fetched correctly for customer with ID: 14
2023-04-18 17:30:10 info: Orders fetched correctly for customer with ID: 14
2023-04-18 17:30:22 info: Orders fetched correctly for customer with ID: 14
2023-04-18 17:30:47 info: Orders fetched correctly for customer with ID: 14
2023-04-18 17:30:50 info: Orders fetched correctly for customer with ID: 14
2023-04-18 17:30:50 info: Orders fetched correctly for customer with ID: 14
2023-04-18 17:31:18 info: Orders fetched correctly for customer with ID: 14
2023-04-18 17:31:29 info: Orders fetched correctly for customer with ID: 14
2023-04-18 17:31:35 info: Orders fetched correctly for customer with ID: 14
2023-04-18 17:31:43 info: Orders fetched correctly for customer with ID: 14
2023-04-18 17:31:58 info: Orders fetched correctly for customer with ID: 14
2023-04-18 17:32:00 info: Orders fetched correctly for customer with ID: 14
2023-04-18 17:32:10 info: Orders fetched correctly for customer with ID: 14
2023-04-18 17:33:26 info: Orders fetched correctly for customer with ID: 14
2023-04-18 17:34:13 info: Orders fetched correctly for customer with ID: 14
2023-04-18 17:34:26 info: Orders fetched correctly for customer with ID: 14
2023-04-18 17:34:31 info: Orders fetched correctly for customer with ID: 14
2023-04-18 17:34:35 info: Orders fetched correctly for customer with ID: 14
2023-04-18 17:34:42 info: Orders fetched correctly for customer with ID: 14
2023-04-18 17:34:52 info: Orders fetched correctly for customer with ID: 14
2023-04-18 17:34:57 info: Product fetched successfully with id: 86
2023-04-18 17:34:57 info: Product fetched successfully with id: 86
2023-04-18 17:34:57 info: Products fetched correctly
2023-04-18 17:34:57 info: Products fetched correctly
2023-04-18 17:35:13 info: Product fetched successfully with id: 88
2023-04-18 17:35:27 info: Orders fetched correctly for customer with ID: 14
2023-04-18 17:35:27 info: Orders fetched correctly for customer with ID: 14
2023-04-18 17:37:52 info: Orders fetched correctly for customer with ID: 14
2023-04-18 17:38:44 info: Orders fetched correctly for customer with ID: 14
2023-04-18 17:38:53 info: Orders fetched correctly for customer with ID: 14
2023-04-18 17:39:16 info: Orders fetched correctly for customer with ID: 14
2023-04-18 17:40:04 info: Orders fetched correctly for customer with ID: 14
2023-04-18 17:40:22 info: Orders fetched correctly for customer with ID: 14
2023-04-18 17:42:07 info: Orders fetched correctly for customer with ID: 14
2023-04-18 18:07:09 info: Orders fetched correctly for customer with ID: 14
2023-04-18 18:07:09 info: Orders fetched correctly for customer with ID: 14
2023-04-18 18:07:20 info: Orders fetched correctly for customer with ID: 14
2023-04-18 18:07:20 info: Orders fetched correctly for customer with ID: 14
2023-04-18 18:07:38 info: Orders fetched correctly for customer with ID: 14
2023-04-18 18:07:38 info: Orders fetched correctly for customer with ID: 14
2023-04-18 18:07:43 info: Orders fetched correctly for customer with ID: 14
2023-04-18 18:07:43 info: Orders fetched correctly for customer with ID: 14
2023-04-18 18:09:07 info: removing: 
2023-04-18 18:18:36 info: removing: 
2023-04-18 18:40:04 info: Product fetched successfully with id: 86
2023-04-18 18:40:04 info: Product fetched successfully with id: 86
2023-04-18 18:40:04 info: Products fetched correctly
2023-04-18 18:40:04 info: Products fetched correctly
2023-04-18 18:58:38 info: Product fetched successfully with id: 88
2023-04-18 18:58:48 info: Product fetched successfully with id: 76
2023-04-18 19:00:20 info: Product fetched successfully with id: 76
2023-04-18 19:00:20 info: Product fetched successfully with id: 76
2023-04-18 19:00:20 info: Products fetched correctly
2023-04-18 19:00:20 info: Products fetched correctly
2023-04-18 19:00:34 info: Orders fetched correctly for customer with ID: 14
2023-04-18 19:00:34 info: Orders fetched correctly for customer with ID: 14
2023-04-18 19:00:39 info: removing: 
2023-04-18 19:00:39 info: removing: 
2023-04-18 19:00:40 info: removing: 
2023-04-18 19:04:42 info: Orders fetched correctly for customer with ID: 14
2023-04-18 19:04:56 info: removing: 
2023-04-18 19:06:03 info: Orders fetched correctly for customer with ID: 14
2023-04-18 19:12:41 info: Orders fetched correctly for customer with ID: 14
2023-04-18 19:13:14 info: removing: 
2023-04-18 19:13:30 info: Orders fetched correctly for customer with ID: 14
2023-04-18 19:13:31 info: Orders fetched correctly for customer with ID: 14
2023-04-18 19:13:33 info: removing: 
2023-04-18 19:13:36 info: Orders fetched correctly for customer with ID: 14
2023-04-18 19:13:36 info: Orders fetched correctly for customer with ID: 14
2023-04-18 19:13:40 info: removing: 
2023-04-18 19:13:42 info: Orders fetched correctly for customer with ID: 14
2023-04-18 19:13:42 info: Orders fetched correctly for customer with ID: 14
2023-04-18 19:21:42 info: Products fetched correctly
2023-04-18 19:21:42 info: Products fetched correctly
2023-04-18 19:21:42 info: Products fetched correctly
2023-04-18 19:21:42 info: Products fetched correctly
2023-04-18 19:21:42 info: Products fetched correctly
2023-04-18 19:21:42 info: Products fetched correctly
2023-04-18 19:21:47 info: Product fetched successfully with id: 71
2023-04-18 19:21:47 info: Product fetched successfully with id: 71
2023-04-18 19:21:47 info: Products fetched correctly
2023-04-18 19:21:47 info: Products fetched correctly
2023-04-18 19:21:59 info: Orders fetched correctly for customer with ID: 14
2023-04-18 19:21:59 info: Orders fetched correctly for customer with ID: 14
2023-04-18 19:22:02 info: Products fetched correctly
2023-04-18 19:22:02 info: Products fetched correctly
2023-04-18 19:22:02 info: Products fetched correctly
2023-04-18 19:22:02 info: Products fetched correctly
2023-04-18 19:22:02 info: Products fetched correctly
2023-04-18 19:22:02 info: Products fetched correctly
2023-04-18 19:22:04 info: Product fetched successfully with id: 70
2023-04-18 19:22:04 info: Product fetched successfully with id: 70
2023-04-18 19:22:04 info: Products fetched correctly
2023-04-18 19:22:04 info: Products fetched correctly
2023-04-18 19:23:06 info: Orders fetched correctly for customer with ID: 14
2023-04-18 19:23:06 info: Orders fetched correctly for customer with ID: 14
2023-04-18 19:23:09 info: removing: 
2023-04-18 19:23:12 info: Orders fetched correctly for customer with ID: 14
2023-04-18 19:23:12 info: Orders fetched correctly for customer with ID: 14
2023-04-18 19:37:14 info: Orders fetched correctly for customer with ID: 14
2023-04-18 19:39:14 info: Orders fetched correctly for customer with ID: 14
2023-04-18 19:40:12 info: Orders fetched correctly for customer with ID: 14
2023-04-18 19:40:22 info: Orders fetched correctly for customer with ID: 14
2023-04-18 19:41:59 info: Orders fetched correctly for customer with ID: 14
2023-04-18 19:48:50 info: Products fetched correctly
2023-04-18 19:48:50 info: Products fetched correctly
2023-04-18 19:49:20 info: Orders fetched correctly for customer with ID: 14
2023-04-18 19:49:20 info: Orders fetched correctly for customer with ID: 14
2023-04-18 19:49:23 info: Products fetched correctly
2023-04-18 19:49:23 info: Products fetched correctly
2023-04-18 19:49:25 info: Products fetched correctly
2023-04-18 19:49:25 info: Products fetched correctly
2023-04-18 19:49:25 info: Products fetched correctly
2023-04-18 19:49:25 info: Products fetched correctly
2023-04-18 19:49:25 info: Products fetched correctly
2023-04-18 19:49:25 info: Products fetched correctly
2023-04-18 19:49:38 info: Orders fetched correctly for customer with ID: 14
2023-04-18 19:49:38 info: Orders fetched correctly for customer with ID: 14
2023-04-18 19:49:40 info: Products fetched correctly
2023-04-18 19:49:40 info: Products fetched correctly
2023-04-18 19:49:40 info: Products fetched correctly
2023-04-18 19:49:40 info: Products fetched correctly
2023-04-18 19:49:40 info: Products fetched correctly
2023-04-18 19:49:41 info: Products fetched correctly
2023-04-18 19:49:41 info: Products fetched correctly
2023-04-18 19:49:41 info: Products fetched correctly
2023-04-18 19:49:46 info: Orders fetched correctly for customer with ID: 14
2023-04-18 19:49:46 info: Orders fetched correctly for customer with ID: 14
2023-04-18 19:50:05 info: Orders fetched correctly for customer with ID: 14
2023-04-18 19:50:35 info: Products fetched correctly
2023-04-18 19:50:35 info: Products fetched correctly
2023-04-18 19:50:35 info: Products fetched correctly
2023-04-18 19:50:35 info: Products fetched correctly
2023-04-18 19:50:35 info: Products fetched correctly
2023-04-18 19:50:35 info: Products fetched correctly
2023-04-18 19:52:05 info: Products fetched correctly
2023-04-18 19:52:05 info: Products fetched correctly
2023-04-18 19:52:05 info: Products fetched correctly
2023-04-18 19:52:05 info: Products fetched correctly
2023-04-18 19:52:05 info: Products fetched correctly
2023-04-18 19:52:05 info: Products fetched correctly
2023-04-18 19:52:39 info: Products fetched correctly
2023-04-18 19:52:39 info: Products fetched correctly
2023-04-18 19:52:39 info: Products fetched correctly
2023-04-18 19:52:39 info: Products fetched correctly
2023-04-18 19:52:39 info: Products fetched correctly
2023-04-18 19:52:39 info: Products fetched correctly
2023-04-18 19:54:10 info: Products fetched correctly
2023-04-18 19:54:10 info: Products fetched correctly
2023-04-18 19:54:24 info: Products fetched correctly
2023-04-18 19:54:24 info: Products fetched correctly
2023-04-18 19:56:41 info: Products fetched correctly
2023-04-18 19:56:41 info: Products fetched correctly
2023-04-18 20:03:31 info: Products fetched correctly
2023-04-18 20:03:31 info: Products fetched correctly
2023-04-18 20:03:39 info: Products fetched correctly
2023-04-18 20:03:39 info: Products fetched correctly
2023-04-18 20:03:39 info: Products fetched correctly
2023-04-18 20:03:39 info: Products fetched correctly
2023-04-18 20:03:39 info: Products fetched correctly
2023-04-18 20:03:39 info: Products fetched correctly
2023-04-18 20:03:46 info: Orders fetched correctly for customer with ID: 14
2023-04-18 20:03:46 info: Orders fetched correctly for customer with ID: 14
2023-04-18 20:04:38 info: Products fetched correctly
2023-04-18 20:04:38 info: Products fetched correctly
2023-04-18 20:04:52 info: Orders fetched correctly for customer with ID: 14
2023-04-18 20:04:52 info: Orders fetched correctly for customer with ID: 14
2023-04-18 20:05:25 info: Orders fetched correctly for customer with ID: 14
2023-04-18 20:05:26 info: Orders fetched correctly for customer with ID: 14
2023-04-18 20:06:18 info: Products fetched correctly
2023-04-18 20:06:19 info: Products fetched correctly
2023-04-18 20:07:23 info: Products fetched correctly
2023-04-18 20:07:23 info: Products fetched correctly
2023-04-19 06:51:14 info: Products fetched correctly
2023-04-19 06:51:14 info: Products fetched correctly
2023-04-19 06:51:14 info: Products fetched correctly
2023-04-19 06:51:14 info: Products fetched correctly
2023-04-19 06:51:14 info: Products fetched correctly
2023-04-19 06:51:14 info: Products fetched correctly
2023-04-19 06:51:17 info: Product fetched successfully with id: 71
2023-04-19 06:51:17 info: Product fetched successfully with id: 71
2023-04-19 06:51:17 info: Products fetched correctly
2023-04-19 06:51:18 info: Products fetched correctly
2023-04-19 06:51:21 info: Products fetched correctly
2023-04-19 06:51:21 info: Products fetched correctly
2023-04-19 06:51:21 info: Products fetched correctly
2023-04-19 06:51:22 info: Products fetched correctly
2023-04-19 06:51:22 info: Products fetched correctly
2023-04-19 06:51:22 info: Products fetched correctly
2023-04-19 06:51:24 info: Product fetched successfully with id: 70
2023-04-19 06:51:25 info: Products fetched correctly
2023-04-19 06:51:25 info: Product fetched successfully with id: 70
2023-04-19 06:51:25 info: Products fetched correctly
2023-04-19 06:52:07 info: Product fetched successfully with id: 70
2023-04-19 06:52:15 info: Product fetched successfully with id: 70
2023-04-19 06:52:21 info: Product fetched successfully with id: 70
2023-04-19 06:52:40 info: Product fetched successfully with id: 70
2023-04-19 06:52:57 info: Product fetched successfully with id: 70
2023-04-19 06:53:03 info: Product fetched successfully with id: 70
2023-04-19 06:53:09 info: Product fetched successfully with id: 70
2023-04-19 06:53:13 info: Product fetched successfully with id: 70
2023-04-19 06:53:17 info: Product fetched successfully with id: 70
2023-04-19 06:53:37 info: Product fetched successfully with id: 70
2023-04-19 06:53:44 info: Product fetched successfully with id: 70
2023-04-19 06:54:30 info: Product fetched successfully with id: 70
2023-04-19 07:39:53 info: Product fetched successfully with id: 70
2023-04-19 07:39:53 info: Product fetched successfully with id: 70
2023-04-19 07:39:54 info: Products fetched correctly
2023-04-19 07:39:54 info: Products fetched correctly
2023-04-19 07:40:18 info: Products fetched correctly
2023-04-19 07:40:18 info: Products fetched correctly
2023-04-19 07:40:23 info: Products fetched correctly
2023-04-19 07:40:23 info: Products fetched correctly
2023-04-19 07:40:23 info: Products fetched correctly
2023-04-19 07:40:23 info: Products fetched correctly
2023-04-19 07:40:23 info: Products fetched correctly
2023-04-19 07:40:23 info: Products fetched correctly
2023-04-19 07:40:25 info: Product fetched successfully with id: 70
2023-04-19 07:40:25 info: Product fetched successfully with id: 70
2023-04-19 07:40:25 info: Products fetched correctly
2023-04-19 07:40:25 info: Products fetched correctly
2023-04-19 08:22:08 info: Products fetched correctly
2023-04-19 08:22:08 info: Products fetched correctly
2023-04-19 08:27:01 info:  cypress@mail.com logged in  successfully
2023-04-19 08:27:01 info: Products fetched correctly
2023-04-19 08:27:02 info: Products fetched correctly
2023-04-19 08:27:19 info:  cypress@mail.com logged in  successfully
2023-04-19 08:27:20 info: Products fetched correctly
2023-04-19 08:27:20 info: Products fetched correctly
2023-04-19 08:27:22 info:  cypress@mail.com logged in  successfully
2023-04-19 08:27:22 info: Products fetched correctly
2023-04-19 08:27:22 info: Products fetched correctly
2023-04-19 08:27:25 info:  cypress@mail.com logged in  successfully
2023-04-19 08:27:25 info: Products fetched correctly
2023-04-19 08:27:25 info: Products fetched correctly
2023-04-19 08:53:38 info: Products fetched correctly
2023-04-19 08:53:39 info: Products fetched correctly
2023-04-19 08:53:48 info:  cypress@mail.com logged in  successfully
2023-04-19 08:53:48 info: Products fetched correctly
2023-04-19 08:53:48 info: Products fetched correctly
2023-04-19 08:54:34 info:  cypress@mail.com logged in  successfully
2023-04-19 08:54:34 info: Products fetched correctly
2023-04-19 08:54:34 info: Products fetched correctly
2023-04-19 08:55:49 info:  cypress@mail.com logged in  successfully
2023-04-19 08:55:49 info: Products fetched correctly
2023-04-19 08:55:49 info: Products fetched correctly
2023-04-19 08:55:54 info:  cypress@mail.com logged in  successfully
2023-04-19 08:55:54 info: Products fetched correctly
2023-04-19 08:55:54 info: Products fetched correctly
2023-04-19 08:55:59 info:  cypress@mail.com logged in  successfully
2023-04-19 08:55:59 info: Products fetched correctly
2023-04-19 08:55:59 info: Products fetched correctly
2023-04-19 08:56:04 info:  cypress@mail.com logged in  successfully
2023-04-19 08:56:04 info: Products fetched correctly
2023-04-19 08:56:04 info: Products fetched correctly
2023-04-19 08:56:09 info:  cypress@mail.com logged in  successfully
2023-04-19 08:56:09 info: Products fetched correctly
2023-04-19 08:56:09 info: Products fetched correctly
2023-04-19 08:57:03 info:  cypress@mail.com logged in  successfully
2023-04-19 08:57:03 info: Products fetched correctly
2023-04-19 08:57:03 info: Products fetched correctly
2023-04-19 08:57:23 info:  cypress@mail.com logged in  successfully
2023-04-19 08:57:23 info: Products fetched correctly
2023-04-19 08:57:23 info: Products fetched correctly
2023-04-19 08:57:28 info:  cypress@mail.com logged in  successfully
2023-04-19 08:57:28 info: Products fetched correctly
2023-04-19 08:57:28 info: Products fetched correctly
2023-04-19 08:57:42 info:  cypress@mail.com logged in  successfully
2023-04-19 08:57:42 info: Products fetched correctly
2023-04-19 08:57:43 info: Products fetched correctly
2023-04-19 08:57:47 info:  cypress@mail.com logged in  successfully
2023-04-19 08:57:48 info: Products fetched correctly
2023-04-19 08:57:48 info: Products fetched correctly
2023-04-19 08:57:52 info:  cypress@mail.com logged in  successfully
2023-04-19 08:57:52 info: Products fetched correctly
2023-04-19 08:57:53 info: Products fetched correctly
2023-04-19 09:00:00 info:  cypress@mail.com logged in  successfully
2023-04-19 09:00:01 info: Products fetched correctly
2023-04-19 09:00:01 info: Products fetched correctly
2023-04-19 09:00:06 info:  cypress@mail.com logged in  successfully
2023-04-19 09:00:06 info: Products fetched correctly
2023-04-19 09:00:06 info: Products fetched correctly
2023-04-19 09:00:11 info:  cypress@mail.com logged in  successfully
2023-04-19 09:00:11 info: Products fetched correctly
2023-04-19 09:00:11 info: Products fetched correctly
2023-04-19 09:00:40 info:  cypress@mail.com logged in  successfully
2023-04-19 09:00:40 info: Products fetched correctly
2023-04-19 09:00:40 info: Products fetched correctly
2023-04-19 09:00:45 info:  cypress@mail.com logged in  successfully
2023-04-19 09:00:45 info: Products fetched correctly
2023-04-19 09:00:45 info: Products fetched correctly
2023-04-19 09:01:47 info:  cypress@mail.com logged in  successfully
2023-04-19 09:01:48 info: Products fetched correctly
2023-04-19 09:01:48 info: Products fetched correctly
2023-04-19 09:01:53 info:  cypress@mail.com logged in  successfully
2023-04-19 09:01:53 info: Products fetched correctly
2023-04-19 09:01:53 info: Products fetched correctly
2023-04-19 09:01:58 info:  cypress@mail.com logged in  successfully
2023-04-19 09:01:58 info: Products fetched correctly
2023-04-19 09:01:58 info: Products fetched correctly
2023-04-19 09:02:02 info:  cypress@mail.com logged in  successfully
2023-04-19 09:02:03 info: Products fetched correctly
2023-04-19 09:02:03 info: Products fetched correctly
2023-04-19 09:02:07 info:  cypress@mail.com logged in  successfully
2023-04-19 09:02:08 info: Products fetched correctly
2023-04-19 09:02:08 info: Products fetched correctly
2023-04-19 09:03:00 info:  cypress@mail.com logged in  successfully
2023-04-19 09:03:01 info: Products fetched correctly
2023-04-19 09:03:01 info: Products fetched correctly
2023-04-19 09:03:01 info: Products fetched correctly
2023-04-19 09:03:01 info: Products fetched correctly
2023-04-19 09:03:01 info: Products fetched correctly
2023-04-19 09:03:02 info:  cypress@mail.com logged in  successfully
2023-04-19 09:03:02 info: Products fetched correctly
2023-04-19 09:03:02 info: Products fetched correctly
2023-04-19 09:04:01 info:  cypress@mail.com logged in  successfully
2023-04-19 09:04:02 info: Products fetched correctly
2023-04-19 09:04:02 info: Products fetched correctly
2023-04-19 09:04:02 info: Products fetched correctly
2023-04-19 09:04:02 info: Products fetched correctly
2023-04-19 09:04:03 info:  cypress@mail.com logged in  successfully
2023-04-19 09:04:03 info: Products fetched correctly
2023-04-19 09:04:03 info: Products fetched correctly
2023-04-19 09:04:08 info:  cypress@mail.com logged in  successfully
2023-04-19 09:04:08 info: Products fetched correctly
2023-04-19 09:04:08 info: Products fetched correctly
2023-04-19 09:04:31 info:  cypress@mail.com logged in  successfully
2023-04-19 09:04:31 info: Products fetched correctly
2023-04-19 09:04:31 info: Products fetched correctly
2023-04-19 09:04:31 info: Products fetched correctly
2023-04-19 09:04:31 info: Products fetched correctly
2023-04-19 09:04:31 info: Products fetched correctly
2023-04-19 09:04:31 info: Products fetched correctly
2023-04-19 09:04:31 info: Products fetched correctly
2023-04-19 09:04:32 info:  cypress@mail.com logged in  successfully
2023-04-19 09:04:33 info: Products fetched correctly
2023-04-19 09:04:33 info: Products fetched correctly
2023-04-19 09:04:37 info:  cypress@mail.com logged in  successfully
2023-04-19 09:04:38 info: Products fetched correctly
2023-04-19 09:04:38 info: Products fetched correctly
2023-04-19 09:05:58 info: Products fetched correctly
2023-04-19 09:05:59 info: Products fetched correctly
2023-04-19 09:06:04 info: Products fetched correctly
2023-04-19 09:06:05 info: Products fetched correctly
2023-04-19 09:06:15 info: Products fetched correctly
2023-04-19 09:06:16 info: Products fetched correctly
2023-04-19 09:06:23 info: Products fetched correctly
2023-04-19 09:06:23 info: Products fetched correctly
2023-04-19 09:06:23 info: Products fetched correctly
2023-04-19 09:06:24 info: Products fetched correctly
2023-04-19 09:06:24 info: Products fetched correctly
2023-04-19 09:06:24 info: Products fetched correctly
2023-04-19 09:07:13 info: Orders fetched correctly for customer with ID: 15
2023-04-19 09:07:14 info: Orders fetched correctly for customer with ID: 15
2023-04-19 09:07:22 info: Products fetched correctly
2023-04-19 09:07:22 info: Products fetched correctly
2023-04-19 09:07:22 info: Products fetched correctly
2023-04-19 09:07:23 info: Products fetched correctly
2023-04-19 09:07:23 info: Products fetched correctly
2023-04-19 09:07:23 info: Products fetched correctly
2023-04-19 09:07:24 info: Products fetched correctly
2023-04-19 09:07:25 info: Products fetched correctly
2023-04-19 09:07:39 info: Products fetched correctly
2023-04-19 09:07:39 info: Products fetched correctly
2023-04-19 09:07:39 info: Products fetched correctly
2023-04-19 09:07:39 info: Products fetched correctly
2023-04-19 09:07:39 info: Products fetched correctly
2023-04-19 09:07:39 info: Products fetched correctly
2023-04-19 09:07:48 info: Product fetched successfully with id: 76
2023-04-19 09:07:48 info: Product fetched successfully with id: 76
2023-04-19 09:07:48 info: Products fetched correctly
2023-04-19 09:07:49 info: Products fetched correctly
2023-04-19 09:08:37 info: Products fetched correctly
2023-04-19 09:08:37 info: Product fetched successfully with id: 76
2023-04-19 09:08:38 info: Products fetched correctly
2023-04-19 09:08:44 info: Product fetched successfully with id: 76
2023-04-19 09:08:44 info: Product fetched successfully with id: 76
2023-04-19 09:08:44 info: Products fetched correctly
2023-04-19 09:08:45 info: Products fetched correctly
2023-04-19 09:09:04 info: Products fetched correctly
2023-04-19 09:09:05 info: Products fetched correctly
2023-04-19 09:09:09 info: Products fetched correctly
2023-04-19 09:09:10 info: Products fetched correctly
2023-04-19 09:09:25 info:  cypress@mail.com logged in  successfully
2023-04-19 09:09:26 info: Products fetched correctly
2023-04-19 09:09:26 info: Products fetched correctly
2023-04-19 09:09:26 info: Products fetched correctly
2023-04-19 09:09:26 info: Products fetched correctly
2023-04-19 09:09:26 info: Products fetched correctly
2023-04-19 09:09:26 info: Products fetched correctly
2023-04-19 09:09:27 info:  cypress@mail.com logged in  successfully
2023-04-19 09:09:27 info: Products fetched correctly
2023-04-19 09:09:27 info: Products fetched correctly
2023-04-19 09:09:32 info:  cypress@mail.com logged in  successfully
2023-04-19 09:09:32 info: Products fetched correctly
2023-04-19 09:09:33 info: Products fetched correctly
2023-04-19 09:09:38 info:  cypress@mail.com logged in  successfully
2023-04-19 09:09:38 info: Products fetched correctly
2023-04-19 09:09:39 info: Products fetched correctly
2023-04-19 09:10:07 info:  cypress@mail.com logged in  successfully
2023-04-19 09:10:07 info: Products fetched correctly
2023-04-19 09:10:07 info: Products fetched correctly
2023-04-19 09:10:07 info: Products fetched correctly
2023-04-19 09:10:07 info: Products fetched correctly
2023-04-19 09:10:07 info: Products fetched correctly
2023-04-19 09:10:08 info:  cypress@mail.com logged in  successfully
2023-04-19 09:10:08 info: Products fetched correctly
2023-04-19 09:10:08 info: Products fetched correctly
2023-04-19 09:10:10 info: Products fetched correctly
2023-04-19 09:10:11 info: Products fetched correctly
2023-04-19 09:10:11 info: Products fetched correctly
2023-04-19 09:10:11 info: Products fetched correctly
2023-04-19 09:10:11 info: Products fetched correctly
2023-04-19 09:10:11 info: Products fetched correctly
2023-04-19 09:10:16 info:  cypress@mail.com logged in  successfully
2023-04-19 09:10:16 info: Products fetched correctly
2023-04-19 09:10:16 info: Products fetched correctly
2023-04-19 09:13:57 info:  cypress@mail.com logged in  successfully
2023-04-19 09:13:59 info:  cypress@mail.com logged in  successfully
2023-04-19 09:13:59 info: Products fetched correctly
2023-04-19 09:14:00 info: Products fetched correctly
2023-04-19 09:14:00 info: Products fetched correctly
2023-04-19 09:14:00 info: Products fetched correctly
2023-04-19 09:14:00 info: Products fetched correctly
2023-04-19 09:14:02 info:  cypress@mail.com logged in  successfully
2023-04-19 09:14:02 info: Products fetched correctly
2023-04-19 09:14:02 info: Products fetched correctly
2023-04-19 09:14:02 info: Product fetched successfully with id: 84
2023-04-19 09:14:02 info: Product fetched successfully with id: 84
2023-04-19 09:14:02 info: Products fetched correctly
2023-04-19 09:14:02 info: Products fetched correctly
2023-04-19 09:14:08 info:  cypress@mail.com logged in  successfully
2023-04-19 09:14:08 info: Products fetched correctly
2023-04-19 09:14:08 info: Products fetched correctly
2023-04-19 09:14:14 info:  cypress@mail.com logged in  successfully
2023-04-19 09:14:14 info: Products fetched correctly
2023-04-19 09:14:14 info: Products fetched correctly
2023-04-19 09:14:19 info:  cypress@mail.com logged in  successfully
2023-04-19 09:14:20 info: Products fetched correctly
2023-04-19 09:14:20 info: Products fetched correctly
2023-04-19 09:15:24 info:  cypress@mail.com logged in  successfully
2023-04-19 09:15:24 info: Products fetched correctly
2023-04-19 09:15:24 info: Products fetched correctly
2023-04-19 09:15:25 info: Products fetched correctly
2023-04-19 09:15:25 info: Products fetched correctly
2023-04-19 09:15:25 info: Products fetched correctly
2023-04-19 09:15:27 info:  cypress@mail.com logged in  successfully
2023-04-19 09:15:27 info: Products fetched correctly
2023-04-19 09:15:27 info: Products fetched correctly
2023-04-19 09:15:34 info:  cypress@mail.com logged in  successfully
2023-04-19 09:15:34 info: Products fetched correctly
2023-04-19 09:15:35 info: Products fetched correctly
2023-04-19 09:15:35 info: Products fetched correctly
2023-04-19 09:15:35 info: Products fetched correctly
2023-04-19 09:15:36 info:  cypress@mail.com logged in  successfully
2023-04-19 09:15:37 info: Products fetched correctly
2023-04-19 09:15:37 info: Products fetched correctly
2023-04-19 09:15:37 info: Product fetched successfully with id: 84
2023-04-19 09:15:37 info: Product fetched successfully with id: 84
2023-04-19 09:15:37 info: Products fetched correctly
2023-04-19 09:15:37 info: Products fetched correctly
2023-04-19 09:16:03 info: Product fetched successfully with id: 84
2023-04-19 09:16:04 info: Product fetched successfully with id: 84
2023-04-19 09:16:04 info: Products fetched correctly
2023-04-19 09:16:05 info: Products fetched correctly
2023-04-19 09:17:13 info:  cypress@mail.com logged in  successfully
2023-04-19 09:17:13 info: Products fetched correctly
2023-04-19 09:17:14 info: Products fetched correctly
2023-04-19 09:17:14 info: Products fetched correctly
2023-04-19 09:17:14 info: Products fetched correctly
2023-04-19 09:17:14 info: Products fetched correctly
2023-04-19 09:17:14 info: Products fetched correctly
2023-04-19 09:17:16 info:  cypress@mail.com logged in  successfully
2023-04-19 09:17:19 info:  cypress@mail.com logged in  successfully
2023-04-19 09:17:19 info: Products fetched correctly
2023-04-19 09:17:19 info: Products fetched correctly
2023-04-19 09:17:20 info: Products fetched correctly
2023-04-19 09:17:20 info: Products fetched correctly
2023-04-19 09:17:20 info: Products fetched correctly
2023-04-19 09:17:22 info:  cypress@mail.com logged in  successfully
2023-04-19 09:17:22 info: Products fetched correctly
2023-04-19 09:17:22 info: Products fetched correctly
2023-04-19 09:17:23 info: Product fetched successfully with id: 84
2023-04-19 09:17:24 info:  cypress@mail.com logged in  successfully
2023-04-19 09:17:24 info: Products fetched correctly
2023-04-19 09:17:24 info: Products fetched correctly
2023-04-19 09:18:37 info: Product fetched successfully with id: 84
2023-04-19 09:18:50 info: Product fetched successfully with id: 84
2023-04-19 09:19:32 info:  cypress@mail.com logged in  successfully
2023-04-19 09:19:33 info: Products fetched correctly
2023-04-19 09:19:33 info: Products fetched correctly
2023-04-19 09:19:33 info: Products fetched correctly
2023-04-19 09:19:33 info: Products fetched correctly
2023-04-19 09:19:35 info:  cypress@mail.com logged in  successfully
2023-04-19 09:19:35 info: Products fetched correctly
2023-04-19 09:19:35 info: Products fetched correctly
2023-04-19 09:19:35 info: Product fetched successfully with id: 84
2023-04-19 09:19:35 info: Product fetched successfully with id: 84
2023-04-19 09:19:35 info: Products fetched correctly
2023-04-19 09:19:37 info:  cypress@mail.com logged in  successfully
2023-04-19 09:19:37 info: Products fetched correctly
2023-04-19 09:19:37 info: Products fetched correctly
2023-04-19 09:19:42 info:  cypress@mail.com logged in  successfully
2023-04-19 09:19:42 info: Products fetched correctly
2023-04-19 09:19:42 info: Products fetched correctly
2023-04-19 09:19:47 info:  cypress@mail.com logged in  successfully
2023-04-19 09:19:47 info: Products fetched correctly
2023-04-19 09:19:47 info: Products fetched correctly
2023-04-19 09:22:02 info:  cypress@mail.com logged in  successfully
2023-04-19 09:22:02 info: Products fetched correctly
2023-04-19 09:22:02 info: Products fetched correctly
2023-04-19 09:22:02 info: Products fetched correctly
2023-04-19 09:22:02 info: Products fetched correctly
2023-04-19 09:22:02 info: Products fetched correctly
2023-04-19 09:22:04 info:  cypress@mail.com logged in  successfully
2023-04-19 09:22:04 info: Products fetched correctly
2023-04-19 09:22:04 info: Products fetched correctly
2023-04-19 09:22:04 info: Product fetched successfully with id: 84
2023-04-19 09:22:04 info: Product fetched successfully with id: 84
2023-04-19 09:22:05 info: Products fetched correctly
2023-04-19 09:22:07 info:  cypress@mail.com logged in  successfully
2023-04-19 09:22:07 info: Products fetched correctly
2023-04-19 09:22:07 info: Products fetched correctly
2023-04-19 09:22:07 info: Products fetched correctly
2023-04-19 09:22:07 info: Products fetched correctly
2023-04-19 09:22:07 info: Products fetched correctly
2023-04-19 09:22:09 info:  cypress@mail.com logged in  successfully
2023-04-19 09:22:09 info: Products fetched correctly
2023-04-19 09:22:09 info: Products fetched correctly
2023-04-19 09:22:09 info: Product fetched successfully with id: 84
2023-04-19 09:22:09 info: Product fetched successfully with id: 84
2023-04-19 09:22:09 info: Products fetched correctly
2023-04-19 09:22:11 info:  cypress@mail.com logged in  successfully
2023-04-19 09:22:11 info: Products fetched correctly
2023-04-19 09:22:11 info: Products fetched correctly
2023-04-19 09:22:16 info:  cypress@mail.com logged in  successfully
2023-04-19 09:22:16 info: Products fetched correctly
2023-04-19 09:22:16 info: Products fetched correctly
2023-04-19 09:22:22 info:  cypress@mail.com logged in  successfully
2023-04-19 09:22:22 info: Products fetched correctly
2023-04-19 09:22:22 info: Products fetched correctly
2023-04-19 09:22:34 info:  cypress@mail.com logged in  successfully
2023-04-19 09:22:34 info: Products fetched correctly
2023-04-19 09:22:34 info: Products fetched correctly
2023-04-19 09:22:34 info: Products fetched correctly
2023-04-19 09:22:34 info: Products fetched correctly
2023-04-19 09:22:34 info: Products fetched correctly
2023-04-19 09:22:34 info: Products fetched correctly
2023-04-19 09:22:36 info:  cypress@mail.com logged in  successfully
2023-04-19 09:22:36 info: Products fetched correctly
2023-04-19 09:22:36 info: Products fetched correctly
2023-04-19 09:22:37 info:  cypress@mail.com logged in  successfully
2023-04-19 09:22:38 info: Products fetched correctly
2023-04-19 09:22:38 info: Products fetched correctly
2023-04-19 09:22:43 info:  cypress@mail.com logged in  successfully
2023-04-19 09:22:43 info: Products fetched correctly
2023-04-19 09:22:43 info: Products fetched correctly
2023-04-19 09:22:48 info:  cypress@mail.com logged in  successfully
2023-04-19 09:22:48 info: Products fetched correctly
2023-04-19 09:22:49 info: Products fetched correctly
2023-04-19 09:24:42 info:  cypress@mail.com logged in  successfully
2023-04-19 09:24:42 info: Products fetched correctly
2023-04-19 09:24:42 info: Products fetched correctly
2023-04-19 09:24:42 info: Products fetched correctly
2023-04-19 09:24:43 info: Products fetched correctly
2023-04-19 09:24:43 info: Products fetched correctly
2023-04-19 09:24:43 info:  cypress@mail.com logged in  successfully
2023-04-19 09:24:44 info: Products fetched correctly
2023-04-19 09:24:44 info: Products fetched correctly
2023-04-19 09:24:44 info: Product fetched successfully with id: 84
2023-04-19 09:24:44 info: Product fetched successfully with id: 84
2023-04-19 09:24:45 info:  cypress@mail.com logged in  successfully
2023-04-19 09:24:46 info: Products fetched correctly
2023-04-19 09:24:46 info: Products fetched correctly
2023-04-19 09:25:20 info:  cypress@mail.com logged in  successfully
2023-04-19 09:25:20 info: Products fetched correctly
2023-04-19 09:25:20 info: Products fetched correctly
2023-04-19 09:25:20 info: Products fetched correctly
2023-04-19 09:25:20 info: Products fetched correctly
2023-04-19 09:25:20 info: Products fetched correctly
2023-04-19 09:25:20 info: Products fetched correctly
2023-04-19 09:25:21 info:  cypress@mail.com logged in  successfully
2023-04-19 09:25:21 info: Products fetched correctly
2023-04-19 09:25:21 info: Products fetched correctly
2023-04-19 09:25:22 info: Product fetched successfully with id: 84
2023-04-19 09:25:22 info: Product fetched successfully with id: 84
2023-04-19 09:25:23 info:  cypress@mail.com logged in  successfully
2023-04-19 09:25:23 info: Products fetched correctly
2023-04-19 09:25:23 info: Products fetched correctly
2023-04-19 09:25:28 info:  cypress@mail.com logged in  successfully
2023-04-19 09:25:28 info: Products fetched correctly
2023-04-19 09:25:28 info: Products fetched correctly
2023-04-19 09:25:33 info:  cypress@mail.com logged in  successfully
2023-04-19 09:25:33 info: Products fetched correctly
2023-04-19 09:25:33 info: Products fetched correctly
2023-04-19 09:27:57 info:  cypress@mail.com logged in  successfully
2023-04-19 09:27:57 info: Products fetched correctly
2023-04-19 09:27:57 info: Products fetched correctly
2023-04-19 09:27:57 info: Products fetched correctly
2023-04-19 09:27:57 info: Products fetched correctly
2023-04-19 09:27:58 info:  cypress@mail.com logged in  successfully
2023-04-19 09:27:58 info: Products fetched correctly
2023-04-19 09:27:58 info: Products fetched correctly
2023-04-19 09:27:59 info: Product fetched successfully with id: 84
2023-04-19 09:28:00 info:  cypress@mail.com logged in  successfully
2023-04-19 09:28:00 info: Products fetched correctly
2023-04-19 09:28:00 info: Products fetched correctly
2023-04-19 09:28:06 info:  cypress@mail.com logged in  successfully
2023-04-19 09:28:06 info: Products fetched correctly
2023-04-19 09:28:06 info: Products fetched correctly
2023-04-19 09:28:11 info:  cypress@mail.com logged in  successfully
2023-04-19 09:28:11 info: Products fetched correctly
2023-04-19 09:28:11 info: Products fetched correctly
2023-04-19 09:28:23 info: Product fetched successfully with id: 85
2023-04-19 09:28:23 info: Product fetched successfully with id: 85
2023-04-19 09:28:23 info: Products fetched correctly
2023-04-19 09:28:23 info: Products fetched correctly
2023-04-19 09:29:33 info:  cypress@mail.com logged in  successfully
2023-04-19 09:29:33 info: Products fetched correctly
2023-04-19 09:29:34 info: Products fetched correctly
2023-04-19 09:29:34 info: Products fetched correctly
2023-04-19 09:29:34 info: Products fetched correctly
2023-04-19 09:29:36 info:  cypress@mail.com logged in  successfully
2023-04-19 09:29:36 info: Products fetched correctly
2023-04-19 09:29:36 info: Products fetched correctly
2023-04-19 09:29:36 info: Product fetched successfully with id: 84
2023-04-19 09:29:36 info: Product fetched successfully with id: 84
2023-04-19 09:29:36 info: Products fetched correctly
2023-04-19 09:29:38 info:  cypress@mail.com logged in  successfully
2023-04-19 09:29:38 info: Products fetched correctly
2023-04-19 09:29:38 info: Products fetched correctly
2023-04-19 09:29:41 info: Product fetched successfully with id: 84
2023-04-19 09:29:41 info: Product fetched successfully with id: 84
2023-04-19 09:29:41 info: Products fetched correctly
2023-04-19 09:29:41 info: Products fetched correctly
2023-04-19 09:32:14 info:  cypress@mail.com logged in  successfully
2023-04-19 09:32:15 info: Products fetched correctly
2023-04-19 09:32:15 info: Products fetched correctly
2023-04-19 09:32:15 info: Products fetched correctly
2023-04-19 09:32:15 info: Products fetched correctly
2023-04-19 09:32:15 info: Products fetched correctly
2023-04-19 09:32:17 info:  cypress@mail.com logged in  successfully
2023-04-19 09:32:17 info: Products fetched correctly
2023-04-19 09:32:17 info: Products fetched correctly
2023-04-19 09:32:17 info: Product fetched successfully with id: 84
2023-04-19 09:32:17 info: Product fetched successfully with id: 84
2023-04-19 09:32:19 info:  cypress@mail.com logged in  successfully
2023-04-19 09:32:19 info: Products fetched correctly
2023-04-19 09:32:19 info: Products fetched correctly
2023-04-19 09:32:24 info:  cypress@mail.com logged in  successfully
2023-04-19 09:32:25 info: Products fetched correctly
2023-04-19 09:32:25 info: Products fetched correctly
2023-04-19 09:32:30 info:  cypress@mail.com logged in  successfully
2023-04-19 09:32:30 info: Products fetched correctly
2023-04-19 09:32:30 info: Products fetched correctly
2023-04-19 09:35:22 info:  cypress@mail.com logged in  successfully
2023-04-19 09:35:22 info: Products fetched correctly
2023-04-19 09:35:23 info: Products fetched correctly
2023-04-19 09:35:23 info: Products fetched correctly
2023-04-19 09:35:23 info: Products fetched correctly
2023-04-19 09:35:25 info:  cypress@mail.com logged in  successfully
2023-04-19 09:35:25 info: Products fetched correctly
2023-04-19 09:35:25 info: Products fetched correctly
2023-04-19 09:35:25 info: Product fetched successfully with id: 84
2023-04-19 09:35:25 info: Product fetched successfully with id: 84
2023-04-19 09:35:25 info: Products fetched correctly
2023-04-19 09:35:27 info:  cypress@mail.com logged in  successfully
2023-04-19 09:35:27 info: Products fetched correctly
2023-04-19 09:35:27 info: Products fetched correctly
2023-04-19 09:35:32 info:  cypress@mail.com logged in  successfully
2023-04-19 09:35:32 info: Products fetched correctly
2023-04-19 09:35:32 info: Products fetched correctly
2023-04-19 09:41:57 info: Products fetched correctly
2023-04-19 09:53:34 info:  cypress@mail.com logged in  successfully
2023-04-19 09:53:34 info: Products fetched correctly
2023-04-19 09:53:34 info: Products fetched correctly
2023-04-19 09:53:35 info: Products fetched correctly
2023-04-19 09:53:35 info: Products fetched correctly
2023-04-19 09:53:35 info: Products fetched correctly
2023-04-19 09:53:35 info: Products fetched correctly
2023-04-19 09:53:37 info:  cypress@mail.com logged in  successfully
2023-04-19 09:53:38 info:  cypress@mail.com logged in  successfully
2023-04-19 09:53:39 info: Products fetched correctly
2023-04-19 09:53:39 info: Products fetched correctly
2023-04-19 09:53:39 info: Products fetched correctly
2023-04-19 09:53:39 info: Products fetched correctly
2023-04-19 09:53:39 info: Products fetched correctly
2023-04-19 09:53:39 info: Products fetched correctly
2023-04-19 09:53:41 info:  cypress@mail.com logged in  successfully
2023-04-19 09:53:41 info: Products fetched correctly
2023-04-19 09:53:41 info: Products fetched correctly
2023-04-19 09:53:41 info: Product fetched successfully with id: 84
2023-04-19 09:53:41 info: Product fetched successfully with id: 84
2023-04-19 09:53:41 info: Products fetched correctly
2023-04-19 09:53:43 info:  cypress@mail.com logged in  successfully
2023-04-19 09:53:43 info: Products fetched correctly
2023-04-19 09:53:44 info: Products fetched correctly
2023-04-19 09:53:44 info: Products fetched correctly
2023-04-19 09:53:44 info: Products fetched correctly
2023-04-19 09:53:44 info: Products fetched correctly
2023-04-19 09:53:44 info: Products fetched correctly
2023-04-19 09:53:44 info: Products fetched correctly
2023-04-19 09:53:44 info: Product fetched successfully with id: 70
2023-04-19 09:53:44 info: Product fetched successfully with id: 70
2023-04-19 09:53:45 info: Products fetched correctly
2023-04-19 09:53:46 info:  cypress@mail.com logged in  successfully
2023-04-19 09:53:47 info: Products fetched correctly
2023-04-19 09:53:47 info: Products fetched correctly
2023-04-19 09:53:52 info:  cypress@mail.com logged in  successfully
2023-04-19 09:53:52 info: Products fetched correctly
2023-04-19 09:53:52 info: Products fetched correctly
2023-04-19 10:08:54 info:  cypress@mail.com logged in  successfully
2023-04-19 10:08:54 info: Products fetched correctly
2023-04-19 10:08:55 info: Products fetched correctly
2023-04-19 10:08:55 info: Products fetched correctly
2023-04-19 10:08:55 info: Products fetched correctly
2023-04-19 10:08:56 info:  cypress@mail.com logged in  successfully
2023-04-19 10:08:56 info: Products fetched correctly
2023-04-19 10:08:56 info: Products fetched correctly
2023-04-19 10:08:57 info: Product fetched successfully with id: 84
2023-04-19 10:08:57 info: Product fetched successfully with id: 84
2023-04-19 10:08:58 info:  cypress@mail.com logged in  successfully
2023-04-19 10:08:58 info: Products fetched correctly
2023-04-19 10:08:59 info: Products fetched correctly
2023-04-19 10:08:59 info: Products fetched correctly
2023-04-19 10:08:59 info: Products fetched correctly
2023-04-19 10:08:59 info: Products fetched correctly
2023-04-19 10:08:59 info: Products fetched correctly
2023-04-19 10:08:59 info: Products fetched correctly
2023-04-19 10:09:00 info: Product fetched successfully with id: 70
2023-04-19 10:09:00 info: Product fetched successfully with id: 70
2023-04-19 10:09:00 info: Products fetched correctly
2023-04-19 10:09:00 info: Products fetched correctly
2023-04-19 10:09:02 info:  cypress@mail.com logged in  successfully
2023-04-19 10:09:02 info: Products fetched correctly
2023-04-19 10:09:02 info: Products fetched correctly
2023-04-19 10:09:08 info:  cypress@mail.com logged in  successfully
2023-04-19 10:09:08 info: Products fetched correctly
2023-04-19 10:09:08 info: Products fetched correctly
2023-04-19 10:09:22 info:  cypress@mail.com logged in  successfully
2023-04-19 10:09:23 info: Products fetched correctly
2023-04-19 10:09:23 info: Products fetched correctly
2023-04-19 10:09:23 info: Products fetched correctly
2023-04-19 10:09:23 info: Products fetched correctly
2023-04-19 10:09:23 info: Products fetched correctly
2023-04-19 10:09:25 info:  cypress@mail.com logged in  successfully
2023-04-19 10:09:25 info: Products fetched correctly
2023-04-19 10:09:25 info: Products fetched correctly
2023-04-19 10:09:25 info: Product fetched successfully with id: 84
2023-04-19 10:09:25 info: Product fetched successfully with id: 84
2023-04-19 10:09:25 info: Products fetched correctly
2023-04-19 10:09:27 info:  cypress@mail.com logged in  successfully
2023-04-19 10:09:27 info: Products fetched correctly
2023-04-19 10:09:28 info: Products fetched correctly
2023-04-19 10:09:28 info: Products fetched correctly
2023-04-19 10:09:28 info: Products fetched correctly
2023-04-19 10:09:28 info: Products fetched correctly
2023-04-19 10:09:28 info: Products fetched correctly
2023-04-19 10:09:28 info: Products fetched correctly
2023-04-19 10:09:28 info: Product fetched successfully with id: 70
2023-04-19 10:09:28 info: Product fetched successfully with id: 70
2023-04-19 10:09:28 info: Products fetched correctly
2023-04-19 10:09:28 info: Products fetched correctly
2023-04-19 10:09:30 info:  cypress@mail.com logged in  successfully
2023-04-19 10:09:30 info: Products fetched correctly
2023-04-19 10:09:30 info: Products fetched correctly
2023-04-19 10:09:35 info:  cypress@mail.com logged in  successfully
2023-04-19 10:09:35 info: Products fetched correctly
2023-04-19 10:09:35 info: Products fetched correctly
2023-04-19 10:14:27 info:  cypress@mail.com logged in  successfully
2023-04-19 10:14:27 info: Products fetched correctly
2023-04-19 10:14:27 info: Products fetched correctly
2023-04-19 10:14:27 info: Products fetched correctly
2023-04-19 10:14:27 info: Products fetched correctly
2023-04-19 10:14:29 info:  cypress@mail.com logged in  successfully
2023-04-19 10:14:29 info: Products fetched correctly
2023-04-19 10:14:29 info: Products fetched correctly
2023-04-19 10:14:29 info: Product fetched successfully with id: 84
2023-04-19 10:14:29 info: Product fetched successfully with id: 84
2023-04-19 10:14:31 info:  cypress@mail.com logged in  successfully
2023-04-19 10:14:31 info: Products fetched correctly
2023-04-19 10:14:32 info: Products fetched correctly
2023-04-19 10:14:32 info: Products fetched correctly
2023-04-19 10:14:32 info: Products fetched correctly
2023-04-19 10:14:32 info: Products fetched correctly
2023-04-19 10:14:32 info: Products fetched correctly
2023-04-19 10:14:32 info: Products fetched correctly
2023-04-19 10:14:32 info: Product fetched successfully with id: 70
2023-04-19 10:14:32 info: Product fetched successfully with id: 70
2023-04-19 10:14:33 info: Products fetched correctly
2023-04-19 10:14:33 info: Products fetched correctly
2023-04-19 10:14:35 info:  cypress@mail.com logged in  successfully
2023-04-19 10:14:35 info: Products fetched correctly
2023-04-19 10:14:35 info: Products fetched correctly
2023-04-19 10:14:40 info:  cypress@mail.com logged in  successfully
2023-04-19 10:14:41 info: Products fetched correctly
2023-04-19 10:14:41 info: Products fetched correctly
2023-04-19 10:18:56 info:  cypress@mail.com logged in  successfully
2023-04-19 10:18:56 info: Products fetched correctly
2023-04-19 10:18:57 info: Products fetched correctly
2023-04-19 10:18:57 info: Products fetched correctly
2023-04-19 10:18:57 info: Products fetched correctly
2023-04-19 10:18:57 info: Products fetched correctly
2023-04-19 18:23:47 info:  cypress@mail.com logged in  successfully
2023-04-19 18:23:49 info:  cypress@mail.com logged in  successfully
2023-04-19 18:23:53 info:  cypress@mail.com logged in  successfully
2023-04-19 18:23:53 info:  cypress@mail.com logged in  successfully
2023-04-19 18:23:57 info:  cypress@mail.com logged in  successfully
2023-04-19 18:23:59 info: Products fetched correctly
2023-04-19 18:23:59 info: Products fetched correctly
2023-04-19 18:28:03 info:  cypress@mail.com logged in  successfully
2023-04-19 18:28:03 info: Products fetched correctly
2023-04-19 18:28:03 info: Products fetched correctly
2023-04-19 18:28:03 info: Products fetched correctly
2023-04-19 18:28:03 info: Products fetched correctly
2023-04-19 18:28:03 info: Products fetched correctly
2023-04-19 18:28:05 info:  cypress@mail.com logged in  successfully
2023-04-19 18:28:05 info: Products fetched correctly
2023-04-19 18:28:05 info: Products fetched correctly
2023-04-19 18:28:05 info: Product fetched successfully with id: 84
2023-04-19 18:28:06 info:  cypress@mail.com logged in  successfully
2023-04-19 18:28:06 info: Products fetched correctly
2023-04-19 18:28:06 info: Products fetched correctly
2023-04-19 18:28:06 info: Products fetched correctly
2023-04-19 18:28:06 info: Products fetched correctly
2023-04-19 18:28:06 info: Products fetched correctly
2023-04-19 18:28:06 info: Products fetched correctly
2023-04-19 18:28:06 info: Products fetched correctly
2023-04-19 18:28:06 info: Products fetched correctly
2023-04-19 18:28:07 info: Product fetched successfully with id: 70
2023-04-19 18:28:07 info: Product fetched successfully with id: 70
2023-04-19 18:28:07 info: Products fetched correctly
2023-04-19 18:28:07 info: Products fetched correctly
2023-04-19 18:28:12 info:  cypress@mail.com logged in  successfully
2023-04-19 18:28:12 info: Products fetched correctly
2023-04-19 18:28:12 info: Products fetched correctly
2023-04-19 18:28:17 info:  cypress@mail.com logged in  successfully
2023-04-19 18:28:17 info: Products fetched correctly
2023-04-19 18:28:17 info: Products fetched correctly
2023-04-19 18:29:06 info: Products fetched correctly
2023-04-19 18:29:06 info: Products fetched correctly
2023-04-19 18:29:06 info: Products fetched correctly
2023-04-19 18:29:06 info: Products fetched correctly
2023-04-19 18:29:06 info: Products fetched correctly
2023-04-19 18:29:06 info: Products fetched correctly
2023-04-19 18:30:17 info:  cypress@mail.com logged in  successfully
2023-04-19 18:30:17 info: Products fetched correctly
2023-04-19 18:30:17 info: Products fetched correctly
2023-04-19 18:30:18 info: Products fetched correctly
2023-04-19 18:30:18 info: Products fetched correctly
2023-04-19 18:30:18 info: Products fetched correctly
2023-04-19 18:30:20 info:  cypress@mail.com logged in  successfully
2023-04-19 18:30:20 info: Products fetched correctly
2023-04-19 18:30:20 info: Products fetched correctly
2023-04-19 18:30:20 info: Product fetched successfully with id: 84
2023-04-19 18:30:20 info: Product fetched successfully with id: 84
2023-04-19 18:30:22 info:  cypress@mail.com logged in  successfully
2023-04-19 18:30:22 info: Products fetched correctly
2023-04-19 18:30:22 info: Products fetched correctly
2023-04-19 18:30:23 info: Products fetched correctly
2023-04-19 18:30:23 info: Products fetched correctly
2023-04-19 18:30:23 info: Products fetched correctly
2023-04-19 18:30:23 info: Products fetched correctly
2023-04-19 18:30:23 info: Products fetched correctly
2023-04-19 18:30:23 info: Products fetched correctly
2023-04-19 18:30:24 info: Product fetched successfully with id: 70
2023-04-19 18:30:24 info: Product fetched successfully with id: 70
2023-04-19 18:30:24 info: Products fetched correctly
2023-04-19 18:30:24 info: Products fetched correctly
2023-04-19 18:30:30 info:  cypress@mail.com logged in  successfully
2023-04-19 18:30:30 info: Products fetched correctly
2023-04-19 18:30:30 info: Products fetched correctly
2023-04-19 18:30:36 info:  cypress@mail.com logged in  successfully
2023-04-19 18:30:36 info: Products fetched correctly
2023-04-19 18:30:36 info: Products fetched correctly
2023-04-19 18:37:20 info:  cypress@mail.com logged in  successfully
2023-04-19 18:37:20 info: Products fetched correctly
2023-04-19 18:37:21 info: Products fetched correctly
2023-04-19 18:37:21 info: Products fetched correctly
2023-04-19 18:37:21 info: Products fetched correctly
2023-04-19 18:37:23 info:  cypress@mail.com logged in  successfully
2023-04-19 18:37:23 info: Products fetched correctly
2023-04-19 18:37:23 info: Products fetched correctly
2023-04-19 18:37:23 info: Product fetched successfully with id: 84
2023-04-19 18:37:23 info: Product fetched successfully with id: 84
2023-04-19 18:37:23 info: Products fetched correctly
2023-04-19 18:37:24 info:  cypress@mail.com logged in  successfully
2023-04-19 18:37:25 info: Products fetched correctly
2023-04-19 18:37:25 info: Products fetched correctly
2023-04-19 18:37:25 info: Products fetched correctly
2023-04-19 18:37:25 info: Products fetched correctly
2023-04-19 18:37:25 info: Products fetched correctly
2023-04-19 18:37:25 info: Products fetched correctly
2023-04-19 18:37:25 info: Products fetched correctly
2023-04-19 18:37:25 info: Products fetched correctly
2023-04-19 18:37:26 info: Product fetched successfully with id: 70
2023-04-19 18:37:26 info: Product fetched successfully with id: 70
2023-04-19 18:37:26 info: Products fetched correctly
2023-04-19 18:37:26 info: Products fetched correctly
2023-04-19 18:43:06 info:  cypress@mail.com logged in  successfully
2023-04-19 18:43:06 info: Products fetched correctly
2023-04-19 18:43:07 info: Products fetched correctly
2023-04-19 18:43:07 info: Products fetched correctly
2023-04-19 18:43:07 info: Products fetched correctly
2023-04-19 18:43:08 info:  cypress@mail.com logged in  successfully
2023-04-19 18:43:09 info: Products fetched correctly
2023-04-19 18:43:09 info: Products fetched correctly
2023-04-19 18:43:09 info: Product fetched successfully with id: 84
2023-04-19 18:43:09 info: Product fetched successfully with id: 84
2023-04-19 18:43:09 info: Products fetched correctly
2023-04-19 18:43:10 info:  cypress@mail.com logged in  successfully
2023-04-19 18:43:11 info: Products fetched correctly
2023-04-19 18:43:11 info: Products fetched correctly
2023-04-19 18:43:11 info: Products fetched correctly
2023-04-19 18:43:11 info: Products fetched correctly
2023-04-19 18:43:11 info: Products fetched correctly
2023-04-19 18:43:11 info: Products fetched correctly
2023-04-19 18:43:11 info: Products fetched correctly
2023-04-19 18:43:12 info: Product fetched successfully with id: 70
2023-04-19 18:43:12 info: Product fetched successfully with id: 70
2023-04-19 18:43:12 info: Products fetched correctly
2023-04-19 18:43:12 info: Products fetched correctly
2023-04-19 18:44:51 info:  cypress@mail.com logged in  successfully
2023-04-19 18:44:52 info: Products fetched correctly
2023-04-19 18:44:52 info: Products fetched correctly
2023-04-19 18:44:52 info: Products fetched correctly
2023-04-19 18:44:52 info: Products fetched correctly
2023-04-19 18:44:54 info:  cypress@mail.com logged in  successfully
2023-04-19 18:44:54 info: Products fetched correctly
2023-04-19 18:44:54 info: Products fetched correctly
2023-04-19 18:44:54 info: Product fetched successfully with id: 84
2023-04-19 18:44:54 info: Product fetched successfully with id: 84
2023-04-19 18:44:54 info: Products fetched correctly
2023-04-19 18:44:56 info:  cypress@mail.com logged in  successfully
2023-04-19 18:44:56 info: Products fetched correctly
2023-04-19 18:44:56 info: Products fetched correctly
2023-04-19 18:44:56 info: Products fetched correctly
2023-04-19 18:44:57 info: Products fetched correctly
2023-04-19 18:44:57 info: Products fetched correctly
2023-04-19 18:44:57 info: Products fetched correctly
2023-04-19 18:44:57 info: Products fetched correctly
2023-04-19 18:44:57 info: Product fetched successfully with id: 70
2023-04-19 18:44:57 info: Product fetched successfully with id: 70
2023-04-19 18:44:57 info: Products fetched correctly
2023-04-19 18:44:57 info: Products fetched correctly
2023-04-19 18:45:12 info:  cypress@mail.com logged in  successfully
2023-04-19 18:45:12 info: Products fetched correctly
2023-04-19 18:45:13 info: Products fetched correctly
2023-04-19 18:45:13 info: Products fetched correctly
2023-04-19 18:45:13 info: Products fetched correctly
2023-04-19 18:45:13 info: Products fetched correctly
2023-04-19 18:45:15 info:  cypress@mail.com logged in  successfully
2023-04-19 18:45:15 info: Products fetched correctly
2023-04-19 18:45:15 info: Products fetched correctly
2023-04-19 18:45:15 info: Product fetched successfully with id: 84
2023-04-19 18:45:17 info:  cypress@mail.com logged in  successfully
2023-04-19 18:45:17 info: Products fetched correctly
2023-04-19 18:45:17 info: Products fetched correctly
2023-04-19 18:45:18 info: Products fetched correctly
2023-04-19 18:45:18 info: Products fetched correctly
2023-04-19 18:45:18 info: Products fetched correctly
2023-04-19 18:45:18 info: Products fetched correctly
2023-04-19 18:45:18 info: Products fetched correctly
2023-04-19 18:45:18 info: Product fetched successfully with id: 70
2023-04-19 18:45:18 info: Product fetched successfully with id: 70
2023-04-19 18:45:18 info: Products fetched correctly
2023-04-19 18:45:18 info: Products fetched correctly
2023-04-19 18:48:56 info:  cypress@mail.com logged in  successfully
2023-04-19 18:48:57 info: Products fetched correctly
2023-04-19 18:48:58 info: Products fetched correctly
2023-04-19 18:48:58 info: Products fetched correctly
2023-04-19 18:48:58 info: Products fetched correctly
2023-04-19 18:48:59 info:  cypress@mail.com logged in  successfully
2023-04-19 18:48:59 info: Products fetched correctly
2023-04-19 18:49:00 info: Products fetched correctly
2023-04-19 18:49:00 info: Product fetched successfully with id: 84
2023-04-19 18:49:00 info: Product fetched successfully with id: 84
2023-04-19 18:49:01 info:  cypress@mail.com logged in  successfully
2023-04-19 18:49:02 info: Products fetched correctly
2023-04-19 18:49:03 info: Products fetched correctly
2023-04-19 18:49:03 info: Products fetched correctly
2023-04-19 18:49:03 info: Products fetched correctly
2023-04-19 18:49:03 info: Products fetched correctly
2023-04-19 18:49:03 info: Products fetched correctly
2023-04-19 18:49:03 info: Products fetched correctly
2023-04-19 18:49:04 info: Product fetched successfully with id: 70
2023-04-19 18:49:04 info: Product fetched successfully with id: 70
2023-04-19 18:49:04 info: Products fetched correctly
2023-04-19 18:49:04 info: Products fetched correctly
2023-04-19 18:49:27 info:  cypress@mail.com logged in  successfully
2023-04-19 18:49:27 info: Products fetched correctly
2023-04-19 18:49:28 info: Products fetched correctly
2023-04-19 18:49:28 info: Products fetched correctly
2023-04-19 18:49:28 info: Products fetched correctly
2023-04-19 18:49:30 info:  cypress@mail.com logged in  successfully
2023-04-19 18:49:30 info: Products fetched correctly
2023-04-19 18:49:30 info: Products fetched correctly
2023-04-19 18:49:30 info: Product fetched successfully with id: 84
2023-04-19 18:49:30 info: Product fetched successfully with id: 84
2023-04-19 18:49:32 info:  cypress@mail.com logged in  successfully
2023-04-19 18:49:32 info: Products fetched correctly
2023-04-19 18:49:32 info: Products fetched correctly
2023-04-19 18:49:32 info: Products fetched correctly
2023-04-19 18:49:32 info: Products fetched correctly
2023-04-19 18:49:32 info: Products fetched correctly
2023-04-19 18:49:32 info: Products fetched correctly
2023-04-19 18:49:32 info: Products fetched correctly
2023-04-19 18:49:33 info: Product fetched successfully with id: 70
2023-04-19 18:49:33 info: Product fetched successfully with id: 70
2023-04-19 18:49:33 info: Products fetched correctly
2023-04-19 18:49:33 info: Products fetched correctly
2023-04-19 18:49:45 info:  cypress@mail.com logged in  successfully
2023-04-19 18:49:46 info: Products fetched correctly
2023-04-19 18:49:46 info: Products fetched correctly
2023-04-19 18:49:46 info: Products fetched correctly
2023-04-19 18:49:46 info: Products fetched correctly
2023-04-19 18:49:48 info:  cypress@mail.com logged in  successfully
2023-04-19 18:49:48 info: Products fetched correctly
2023-04-19 18:49:48 info: Products fetched correctly
2023-04-19 18:49:49 info: Product fetched successfully with id: 84
2023-04-19 18:49:49 info: Product fetched successfully with id: 84
2023-04-19 18:49:49 info: Products fetched correctly
2023-04-19 18:49:50 info:  cypress@mail.com logged in  successfully
2023-04-19 18:49:51 info: Products fetched correctly
2023-04-19 18:49:51 info: Products fetched correctly
2023-04-19 18:49:51 info: Products fetched correctly
2023-04-19 18:49:51 info: Products fetched correctly
2023-04-19 18:49:51 info: Products fetched correctly
2023-04-19 18:49:51 info: Products fetched correctly
2023-04-19 18:49:51 info: Products fetched correctly
2023-04-19 18:49:52 info: Product fetched successfully with id: 69
2023-04-19 18:49:52 info: Product fetched successfully with id: 69
2023-04-19 18:49:52 info: Products fetched correctly
2023-04-19 18:49:52 info: Products fetched correctly
2023-04-19 18:50:07 info: Products fetched correctly
2023-04-19 18:50:07 info: Products fetched correctly
2023-04-19 18:50:32 info:  cypress@mail.com logged in  successfully
2023-04-19 18:50:32 info: Products fetched correctly
2023-04-19 18:50:33 info: Products fetched correctly
2023-04-19 18:50:33 info: Products fetched correctly
2023-04-19 18:50:33 info: Products fetched correctly
2023-04-19 18:50:33 info: Products fetched correctly
2023-04-19 18:50:35 info:  cypress@mail.com logged in  successfully
2023-04-19 18:50:35 info: Products fetched correctly
2023-04-19 18:50:35 info: Products fetched correctly
2023-04-19 18:50:35 info: Product fetched successfully with id: 84
2023-04-19 18:50:35 info: Product fetched successfully with id: 84
2023-04-19 18:50:37 info:  cypress@mail.com logged in  successfully
2023-04-19 18:50:37 info: Products fetched correctly
2023-04-19 18:50:37 info: Products fetched correctly
2023-04-19 18:50:37 info: Products fetched correctly
2023-04-19 18:50:37 info: Products fetched correctly
2023-04-19 18:50:38 info: Products fetched correctly
2023-04-19 18:50:38 info: Products fetched correctly
2023-04-19 18:50:38 info: Products fetched correctly
2023-04-19 18:50:38 info: Product fetched successfully with id: 73
2023-04-19 18:50:38 info: Product fetched successfully with id: 73
2023-04-19 18:50:38 info: Products fetched correctly
2023-04-19 18:50:38 info: Products fetched correctly
2023-04-19 18:51:15 info:  cypress@mail.com logged in  successfully
2023-04-19 18:51:17 info:  cypress@mail.com logged in  successfully
2023-04-19 18:51:17 info: Products fetched correctly
2023-04-19 18:51:18 info: Products fetched correctly
2023-04-19 18:51:18 info: Products fetched correctly
2023-04-19 18:51:18 info: Products fetched correctly
2023-04-19 18:51:19 info:  cypress@mail.com logged in  successfully
2023-04-19 18:51:19 info: Products fetched correctly
2023-04-19 18:51:19 info: Products fetched correctly
2023-04-19 18:51:20 info: Product fetched successfully with id: 84
2023-04-19 18:51:21 info:  cypress@mail.com logged in  successfully
2023-04-19 18:51:22 info: Products fetched correctly
2023-04-19 18:51:22 info: Products fetched correctly
2023-04-19 18:51:22 info: Products fetched correctly
2023-04-19 18:51:22 info: Products fetched correctly
2023-04-19 18:51:22 info: Products fetched correctly
2023-04-19 18:51:22 info: Products fetched correctly
2023-04-19 18:51:22 info: Products fetched correctly
2023-04-19 18:51:22 info: Product fetched successfully with id: 70
2023-04-19 18:51:23 info: Product fetched successfully with id: 70
2023-04-19 18:51:23 info: Products fetched correctly
2023-04-19 18:51:23 info: Products fetched correctly
2023-04-19 18:53:34 info:  cypress@mail.com logged in  successfully
2023-04-19 18:53:34 info: Products fetched correctly
2023-04-19 18:53:35 info: Products fetched correctly
2023-04-19 18:53:35 info: Products fetched correctly
2023-04-19 18:53:35 info: Products fetched correctly
2023-04-19 18:53:37 info:  cypress@mail.com logged in  successfully
2023-04-19 18:53:37 info: Products fetched correctly
2023-04-19 18:53:37 info: Products fetched correctly
2023-04-19 18:53:39 info:  cypress@mail.com logged in  successfully
2023-04-19 18:53:39 info: Products fetched correctly
2023-04-19 18:53:39 info: Products fetched correctly
2023-04-19 18:53:39 info: Products fetched correctly
2023-04-19 18:53:39 info: Products fetched correctly
2023-04-19 18:53:39 info: Products fetched correctly
2023-04-19 18:53:39 info: Products fetched correctly
2023-04-19 18:53:39 info: Products fetched correctly
2023-04-19 19:02:21 info: Products fetched correctly
2023-04-19 19:02:21 info: Products fetched correctly
2023-04-19 19:02:21 info: Products fetched correctly
2023-04-19 19:02:21 info: Products fetched correctly
2023-04-19 19:02:21 info: Products fetched correctly
2023-04-19 19:02:21 info: Products fetched correctly
2023-04-19 19:05:04 info:  cypress@mail.com logged in  successfully
2023-04-19 19:05:04 info: Products fetched correctly
2023-04-19 19:05:05 info: Products fetched correctly
2023-04-19 19:05:05 info: Products fetched correctly
2023-04-19 19:05:05 info: Products fetched correctly
2023-04-19 19:05:05 info: Products fetched correctly
2023-04-19 19:05:06 info:  cypress@mail.com logged in  successfully
2023-04-19 19:05:06 info: Products fetched correctly
2023-04-19 19:05:06 info: Products fetched correctly
2023-04-19 19:05:06 info: Product fetched successfully with id: 84
2023-04-19 19:05:06 info: Products fetched correctly
2023-04-19 19:05:06 info: Product fetched successfully with id: 84
2023-04-19 19:05:07 info:  cypress@mail.com logged in  successfully
2023-04-19 19:05:07 info: Products fetched correctly
2023-04-19 19:05:08 info: Products fetched correctly
2023-04-19 19:05:08 info: Products fetched correctly
2023-04-19 19:05:08 info: Products fetched correctly
2023-04-19 19:05:08 info: Products fetched correctly
2023-04-19 19:05:08 info: Products fetched correctly
2023-04-19 19:05:08 info: Products fetched correctly
2023-04-19 19:05:08 info: Product fetched successfully with id: 69
2023-04-19 19:05:08 info: Product fetched successfully with id: 69
2023-04-19 19:05:09 info: Products fetched correctly
2023-04-19 19:05:09 info: Products fetched correctly
2023-04-19 19:05:25 info:  cypress@mail.com logged in  successfully
2023-04-19 19:05:26 info: Products fetched correctly
2023-04-19 19:05:26 info: Products fetched correctly
2023-04-19 19:05:26 info: Products fetched correctly
2023-04-19 19:05:26 info: Products fetched correctly
2023-04-19 19:05:26 info: Products fetched correctly
2023-04-19 19:05:27 info:  cypress@mail.com logged in  successfully
2023-04-19 19:05:27 info: Products fetched correctly
2023-04-19 19:05:27 info: Products fetched correctly
2023-04-19 19:05:27 info: Product fetched successfully with id: 84
2023-04-19 19:05:27 info: Product fetched successfully with id: 84
2023-04-19 19:05:28 info:  cypress@mail.com logged in  successfully
2023-04-19 19:05:30 info:  cypress@mail.com logged in  successfully
2023-04-19 19:05:30 info: Products fetched correctly
2023-04-19 19:05:30 info: Products fetched correctly
2023-04-19 19:05:30 info: Products fetched correctly
2023-04-19 19:05:30 info: Products fetched correctly
2023-04-19 19:05:30 info: Products fetched correctly
2023-04-19 19:05:30 info: Products fetched correctly
2023-04-19 19:05:30 info: Products fetched correctly
2023-04-19 19:05:30 info: Products fetched correctly
2023-04-19 19:05:31 info:  cypress@mail.com logged in  successfully
2023-04-19 19:05:31 info: Products fetched correctly
2023-04-19 19:05:32 info: Products fetched correctly
2023-04-19 19:05:32 info: Product fetched successfully with id: 84
2023-04-19 19:05:33 info:  cypress@mail.com logged in  successfully
2023-04-19 19:05:33 info: Products fetched correctly
2023-04-19 19:05:33 info: Products fetched correctly
2023-04-19 19:05:33 info: Products fetched correctly
2023-04-19 19:05:33 info: Products fetched correctly
2023-04-19 19:05:33 info: Products fetched correctly
2023-04-19 19:05:33 info: Products fetched correctly
2023-04-19 19:05:33 info: Products fetched correctly
2023-04-19 19:05:33 info: Products fetched correctly
2023-04-19 19:05:33 info: Product fetched successfully with id: 70
2023-04-19 19:05:33 info: Product fetched successfully with id: 70
2023-04-19 19:05:33 info: Products fetched correctly
2023-04-19 19:05:34 info: Products fetched correctly
2023-04-19 19:05:56 info:  cypress@mail.com logged in  successfully
2023-04-19 19:05:56 info: Products fetched correctly
2023-04-19 19:05:57 info: Products fetched correctly
2023-04-19 19:05:57 info: Products fetched correctly
2023-04-19 19:05:57 info: Products fetched correctly
2023-04-19 19:05:58 info:  cypress@mail.com logged in  successfully
2023-04-19 19:05:58 info: Products fetched correctly
2023-04-19 19:05:58 info: Products fetched correctly
2023-04-19 19:05:59 info: Product fetched successfully with id: 84
2023-04-19 19:06:00 info:  cypress@mail.com logged in  successfully
2023-04-19 19:06:00 info: Products fetched correctly
2023-04-19 19:06:00 info: Products fetched correctly
2023-04-19 19:06:01 info: Products fetched correctly
2023-04-19 19:06:01 info: Products fetched correctly
2023-04-19 19:06:01 info: Products fetched correctly
2023-04-19 19:06:01 info: Products fetched correctly
2023-04-19 19:06:01 info: Products fetched correctly
2023-04-19 19:06:01 info: Products fetched correctly
2023-04-19 19:06:01 info: Product fetched successfully with id: 73
2023-04-19 19:06:01 info: Product fetched successfully with id: 73
2023-04-19 19:06:01 info: Products fetched correctly
2023-04-19 19:06:01 info: Products fetched correctly
2023-04-19 19:12:30 info:  cypress@mail.com logged in  successfully
2023-04-19 19:12:31 info: Products fetched correctly
2023-04-19 19:12:32 info: Products fetched correctly
2023-04-19 19:12:32 info: Products fetched correctly
2023-04-19 19:12:32 info: Products fetched correctly
2023-04-19 19:12:33 info:  cypress@mail.com logged in  successfully
2023-04-19 19:12:33 info: Products fetched correctly
2023-04-19 19:12:33 info: Products fetched correctly
2023-04-19 19:12:33 info: Product fetched successfully with id: 84
2023-04-19 19:12:34 info:  cypress@mail.com logged in  successfully
2023-04-19 19:12:35 info: Products fetched correctly
2023-04-19 19:12:35 info: Products fetched correctly
2023-04-19 19:12:35 info: Products fetched correctly
2023-04-19 19:12:35 info: Products fetched correctly
2023-04-19 19:12:35 info: Products fetched correctly
2023-04-19 19:12:35 info: Products fetched correctly
2023-04-19 19:12:35 info: Products fetched correctly
2023-04-19 19:12:35 info: Product fetched successfully with id: 70
2023-04-19 19:12:35 info: Product fetched successfully with id: 70
2023-04-19 19:12:35 info: Products fetched correctly
2023-04-19 19:12:35 info: Products fetched correctly
2023-04-19 19:14:57 info:  cypress@mail.com logged in  successfully
2023-04-19 19:14:57 info: Products fetched correctly
2023-04-19 19:14:58 info: Products fetched correctly
2023-04-19 19:14:58 info: Products fetched correctly
2023-04-19 19:14:58 info: Products fetched correctly
2023-04-19 19:14:58 info: Products fetched correctly
2023-04-19 19:14:59 info:  cypress@mail.com logged in  successfully
2023-04-19 19:14:59 info: Products fetched correctly
2023-04-19 19:14:59 info: Products fetched correctly
2023-04-19 19:14:59 info: Product fetched successfully with id: 84
2023-04-19 19:14:59 info: Product fetched successfully with id: 84
2023-04-19 19:14:59 info: Products fetched correctly
2023-04-19 19:15:01 info:  cypress@mail.com logged in  successfully
2023-04-19 19:15:01 info: Products fetched correctly
2023-04-19 19:15:02 info: Products fetched correctly
2023-04-19 19:15:02 info: Products fetched correctly
2023-04-19 19:15:02 info: Products fetched correctly
2023-04-19 19:15:02 info: Products fetched correctly
2023-04-19 19:15:02 info: Products fetched correctly
2023-04-19 19:15:02 info: Products fetched correctly
2023-04-19 19:15:02 info: Product fetched successfully with id: 70
2023-04-19 19:15:03 info: Products fetched correctly
2023-04-19 19:15:03 info: Product fetched successfully with id: 70
2023-04-19 19:15:03 info: Products fetched correctly
2023-04-19 19:16:56 info:  cypress@mail.com logged in  successfully
2023-04-19 19:16:56 info: Products fetched correctly
2023-04-19 19:16:56 info: Products fetched correctly
2023-04-19 19:16:56 info: Products fetched correctly
2023-04-19 19:16:56 info: Products fetched correctly
2023-04-19 19:16:56 info: Products fetched correctly
2023-04-19 19:16:56 info: Products fetched correctly
2023-04-19 19:16:57 info:  cypress@mail.com logged in  successfully
2023-04-19 19:16:57 info: Products fetched correctly
2023-04-19 19:16:57 info: Products fetched correctly
2023-04-19 19:16:58 info: Product fetched successfully with id: 84
2023-04-19 19:16:58 info: Product fetched successfully with id: 84
2023-04-19 19:16:59 info:  cypress@mail.com logged in  successfully
2023-04-19 19:16:59 info: Products fetched correctly
2023-04-19 19:16:59 info: Products fetched correctly
2023-04-19 19:16:59 info: Products fetched correctly
2023-04-19 19:16:59 info: Products fetched correctly
2023-04-19 19:16:59 info: Products fetched correctly
2023-04-19 19:16:59 info: Products fetched correctly
2023-04-19 19:16:59 info: Products fetched correctly
2023-04-19 19:17:00 info: Product fetched successfully with id: 70
2023-04-19 19:17:00 info: Product fetched successfully with id: 70
2023-04-19 19:17:00 info: Products fetched correctly
2023-04-19 19:17:00 info: Products fetched correctly
2023-04-19 19:17:08 info:  cypress@mail.com logged in  successfully
2023-04-19 19:17:08 info: Products fetched correctly
2023-04-19 19:17:08 info: Products fetched correctly
2023-04-19 19:17:08 info: Products fetched correctly
2023-04-19 19:17:08 info: Products fetched correctly
2023-04-19 19:17:08 info: Products fetched correctly
2023-04-19 19:17:10 info:  cypress@mail.com logged in  successfully
2023-04-19 19:17:10 info: Products fetched correctly
2023-04-19 19:17:10 info: Products fetched correctly
2023-04-19 19:17:10 info: Product fetched successfully with id: 84
2023-04-19 19:17:10 info: Product fetched successfully with id: 84
2023-04-19 19:17:11 info:  cypress@mail.com logged in  successfully
2023-04-19 19:17:11 info: Products fetched correctly
2023-04-19 19:17:12 info: Products fetched correctly
2023-04-19 19:17:12 info: Products fetched correctly
2023-04-19 19:17:12 info: Products fetched correctly
2023-04-19 19:17:12 info: Products fetched correctly
2023-04-19 19:17:12 info: Products fetched correctly
2023-04-19 19:17:12 info: Products fetched correctly
2023-04-19 19:17:12 info: Product fetched successfully with id: 70
2023-04-19 19:17:12 info: Product fetched successfully with id: 70
2023-04-19 19:17:12 info: Products fetched correctly
2023-04-19 19:17:12 info: Products fetched correctly
2023-04-19 19:19:39 info: Products fetched correctly
2023-04-19 19:19:39 info: Products fetched correctly
2023-04-19 19:19:48 info:  demo.admin@example.com logged in  successfully
2023-04-19 19:19:48 info: Products fetched correctly
2023-04-19 19:19:48 info: Products fetched correctly
2023-04-19 19:22:01 info: Products fetched correctly
2023-04-19 19:22:01 info: Products fetched correctly
2023-04-19 19:22:16 info:  cypress@mail.com logged in  successfully
2023-04-19 19:22:16 info: Products fetched correctly
2023-04-19 19:22:16 info: Products fetched correctly
2023-04-19 19:22:16 info: Products fetched correctly
2023-04-19 19:22:16 info: Products fetched correctly
2023-04-19 19:22:17 info:  cypress@mail.com logged in  successfully
2023-04-19 19:22:17 info: Products fetched correctly
2023-04-19 19:22:17 info: Products fetched correctly
2023-04-19 19:22:17 info: Product fetched successfully with id: 84
2023-04-19 19:22:18 info: Product fetched successfully with id: 84
2023-04-19 19:22:19 info:  cypress@mail.com logged in  successfully
2023-04-19 19:22:19 info: Products fetched correctly
2023-04-19 19:22:19 info: Products fetched correctly
2023-04-19 19:22:19 info: Products fetched correctly
2023-04-19 19:22:19 info: Products fetched correctly
2023-04-19 19:22:19 info: Products fetched correctly
2023-04-19 19:22:19 info: Products fetched correctly
2023-04-19 19:22:19 info: Products fetched correctly
2023-04-19 19:22:19 info: Products fetched correctly
2023-04-19 19:22:19 info: Product fetched successfully with id: 70
2023-04-19 19:22:19 info: Product fetched successfully with id: 70
2023-04-19 19:22:19 info: Products fetched correctly
2023-04-19 19:22:20 info: Products fetched correctly
2023-04-19 19:23:02 info:  cypress@mail.com logged in  successfully
2023-04-19 19:23:02 info: Products fetched correctly
2023-04-19 19:23:02 info: Products fetched correctly
2023-04-19 19:23:02 info: Products fetched correctly
2023-04-19 19:23:02 info: Products fetched correctly
2023-04-19 19:23:02 info: Products fetched correctly
2023-04-19 19:23:02 info: Products fetched correctly
2023-04-19 19:23:03 info:  cypress@mail.com logged in  successfully
2023-04-19 19:23:03 info: Products fetched correctly
2023-04-19 19:23:04 info: Products fetched correctly
2023-04-19 19:23:04 info: Product fetched successfully with id: 84
2023-04-19 19:23:04 info: Product fetched successfully with id: 84
2023-04-19 19:23:05 info:  cypress@mail.com logged in  successfully
2023-04-19 19:23:05 info: Products fetched correctly
2023-04-19 19:23:05 info: Products fetched correctly
2023-04-19 19:23:05 info: Products fetched correctly
2023-04-19 19:23:05 info: Products fetched correctly
2023-04-19 19:23:05 info: Products fetched correctly
2023-04-19 19:23:05 info: Products fetched correctly
2023-04-19 19:23:05 info: Products fetched correctly
2023-04-19 19:23:05 info: Products fetched correctly
2023-04-19 19:23:06 info: Product fetched successfully with id: 70
2023-04-19 19:23:06 info: Product fetched successfully with id: 70
2023-04-19 19:23:06 info: Products fetched correctly
2023-04-19 19:23:06 info: Products fetched correctly
2023-04-19 19:44:23 info:  cypress@mail.com logged in  successfully
2023-04-19 19:44:24 info:  cypress@mail.com logged in  successfully
2023-04-19 19:44:24 info: Products fetched correctly
2023-04-19 19:44:24 info: Products fetched correctly
2023-04-19 19:44:25 info: Products fetched correctly
2023-04-19 19:44:25 info: Products fetched correctly
2023-04-19 19:44:25 info: Products fetched correctly
2023-04-19 19:44:25 info: Products fetched correctly
2023-04-19 19:44:25 info: Product fetched successfully with id: 70
2023-04-19 19:44:25 info: Products fetched correctly
2023-04-19 19:44:25 info: Products fetched correctly
2023-04-19 19:44:25 info: Product fetched successfully with id: 70
2023-04-19 19:44:25 info: Products fetched correctly
2023-04-19 19:44:26 info: Products fetched correctly
2023-04-19 19:44:34 info:  cypress@mail.com logged in  successfully
2023-04-19 19:44:35 info: Products fetched correctly
2023-04-19 19:44:35 info: Products fetched correctly
2023-04-19 19:44:35 info: Products fetched correctly
2023-04-19 19:44:35 info: Products fetched correctly
2023-04-19 19:44:35 info: Products fetched correctly
2023-04-19 19:44:36 info:  cypress@mail.com logged in  successfully
2023-04-19 19:44:36 info: Products fetched correctly
2023-04-19 19:44:36 info: Products fetched correctly
2023-04-19 19:44:36 info: Product fetched successfully with id: 84
2023-04-19 19:44:37 info:  cypress@mail.com logged in  successfully
2023-04-19 19:44:37 info: Products fetched correctly
2023-04-19 19:44:37 info: Products fetched correctly
2023-04-19 19:44:38 info: Products fetched correctly
2023-04-19 19:44:38 info: Products fetched correctly
2023-04-19 19:44:38 info: Products fetched correctly
2023-04-19 19:44:38 info: Products fetched correctly
2023-04-19 19:44:38 info: Products fetched correctly
2023-04-19 19:44:38 info: Products fetched correctly
2023-04-19 19:44:38 info: Product fetched successfully with id: 70
2023-04-19 19:44:38 info: Product fetched successfully with id: 70
2023-04-19 19:44:38 info: Products fetched correctly
2023-04-19 19:44:38 info: Products fetched correctly
2023-04-19 19:44:40 info:  cypress@mail.com logged in  successfully
2023-04-19 19:44:40 info: Products fetched correctly
2023-04-19 19:44:40 info: Products fetched correctly
2023-04-19 19:44:40 info: Products fetched correctly
2023-04-19 19:44:40 info: Products fetched correctly
2023-04-19 19:44:40 info: Products fetched correctly
2023-04-19 19:44:40 info: Products fetched correctly
2023-04-19 19:44:40 info: Products fetched correctly
2023-04-19 19:44:40 info: Products fetched correctly
2023-04-19 19:44:40 info: Product fetched successfully with id: 70
2023-04-19 19:44:40 info: Product fetched successfully with id: 70
2023-04-19 19:44:40 info: Products fetched correctly
2023-04-19 19:44:40 info: Products fetched correctly
2023-04-19 20:01:34 info: Products fetched correctly
2023-04-19 20:01:34 info: Products fetched correctly
2023-04-19 20:01:38 info: Products fetched correctly
2023-04-19 20:01:38 info: Products fetched correctly
2023-04-19 20:01:38 info: Products fetched correctly
2023-04-19 20:01:38 info: Products fetched correctly
2023-04-19 20:01:38 info: Products fetched correctly
2023-04-19 20:01:38 info: Products fetched correctly
2023-04-19 20:01:39 info: Product fetched successfully with id: 76
2023-04-19 20:01:39 info: Product fetched successfully with id: 76
2023-04-19 20:01:39 info: Products fetched correctly
2023-04-19 20:01:39 info: Products fetched correctly
2023-04-19 20:01:42 info: Orders fetched correctly for customer with ID: 14
2023-04-19 20:01:42 info: Orders fetched correctly for customer with ID: 14
2023-04-19 20:01:47 info: Products fetched correctly
2023-04-19 20:01:47 info: Products fetched correctly
2023-04-19 20:01:50 info: Product fetched successfully with id: 87
2023-04-19 20:01:50 info: Products fetched correctly
2023-04-19 20:01:50 info: Product fetched successfully with id: 87
2023-04-19 20:01:50 info: Products fetched correctly
2023-04-19 20:01:52 info: Orders fetched correctly for customer with ID: 14
2023-04-19 20:01:52 info: Orders fetched correctly for customer with ID: 14
2023-04-19 20:08:07 info: Products fetched correctly
2023-04-19 20:08:07 info: Products fetched correctly
2023-04-19 20:08:09 info: Products fetched correctly
2023-04-19 20:08:10 info: Products fetched correctly
2023-04-19 20:08:10 info: Products fetched correctly
2023-04-19 20:08:10 info: Products fetched correctly
2023-04-19 20:08:10 info: Products fetched correctly
2023-04-19 20:08:10 info: Products fetched correctly
2023-04-19 20:08:11 info: Product fetched successfully with id: 76
2023-04-19 20:08:11 info: Product fetched successfully with id: 76
2023-04-19 20:08:11 info: Products fetched correctly
2023-04-19 20:08:11 info: Products fetched correctly
2023-04-19 20:09:06 info: Products fetched correctly
2023-04-19 20:09:06 info: Products fetched correctly
2023-04-19 20:09:08 info: Products fetched correctly
2023-04-19 20:09:09 info: Products fetched correctly
2023-04-19 20:09:09 info: Products fetched correctly
2023-04-19 20:09:09 info: Products fetched correctly
2023-04-19 20:09:09 info: Products fetched correctly
2023-04-19 20:09:09 info: Products fetched correctly
2023-04-19 20:09:10 info: Product fetched successfully with id: 76
2023-04-19 20:09:10 info: Products fetched correctly
2023-04-19 20:09:10 info: Product fetched successfully with id: 76
2023-04-19 20:09:10 info: Products fetched correctly
2023-04-19 20:09:12 info: fetching user wishlist
2023-04-19 20:09:13 info: Orders fetched correctly for customer with ID: 14
2023-04-19 20:09:13 info: fetching user wishlist
2023-04-19 20:09:13 info: Orders fetched correctly for customer with ID: 14
2023-04-19 20:17:30 info:  cypress@mail.com logged in  successfully
2023-04-19 20:17:30 info: Products fetched correctly
2023-04-19 20:17:30 info: Products fetched correctly
2023-04-19 20:17:30 info: Products fetched correctly
2023-04-19 20:17:30 info: Products fetched correctly
2023-04-19 20:17:31 info: Product fetched successfully with id: 70
2023-04-19 20:17:31 info: Products fetched correctly
2023-04-19 20:17:31 info: Products fetched correctly
2023-04-19 20:17:31 info: Product fetched successfully with id: 70
2023-04-19 20:17:31 info: Products fetched correctly
2023-04-19 20:17:31 info: Products fetched correctly
2023-04-19 20:17:31 info: Products fetched correctly
2023-04-19 20:17:31 info: Products fetched correctly
2023-04-20 10:31:11 info: Products fetched correctly
2023-04-20 10:31:11 info: Products fetched correctly
2023-04-20 10:31:11 info: Products fetched correctly
2023-04-20 10:31:11 info: Products fetched correctly
2023-04-20 10:31:11 info: Products fetched correctly
2023-04-20 10:31:11 info: Products fetched correctly
2023-04-20 10:31:13 info: Product fetched successfully with id: 76
2023-04-20 10:31:14 info: Product fetched successfully with id: 76
2023-04-20 10:31:14 info: Products fetched correctly
2023-04-20 10:31:14 info: Products fetched correctly
2023-04-20 10:31:33 info: Products fetched correctly
2023-04-20 10:31:33 info: Products fetched correctly
2023-04-20 10:31:33 info: Products fetched correctly
2023-04-20 10:31:33 info: Products fetched correctly
2023-04-20 10:31:33 info: Products fetched correctly
2023-04-20 10:31:33 info: Products fetched correctly
2023-04-20 11:04:34 info: Product fetched successfully with id: 70
2023-04-20 11:04:34 info: Product fetched successfully with id: 70
2023-04-20 11:04:34 info: Products fetched correctly
2023-04-20 11:04:34 info: Products fetched correctly
2023-04-20 11:05:19 info:  cypress@mail.com logged in  successfully
2023-04-20 11:05:19 info: Products fetched correctly
2023-04-20 11:05:19 info: Products fetched correctly
2023-04-20 11:05:31 info: fetching user wishlist
2023-04-20 11:05:31 info: Orders fetched correctly for customer with ID: 15
2023-04-20 11:05:31 info: wishelist fetched correctly for customer with ID: 15
2023-04-20 11:05:31 info: fetching user wishlist
2023-04-20 11:05:31 info: Orders fetched correctly for customer with ID: 15
2023-04-20 11:05:31 info: wishelist fetched correctly for customer with ID: 15
2023-04-20 11:05:50 info: User updated successfully
2023-04-20 11:05:50 info: fetching user wishlist
2023-04-20 11:05:50 info: Orders fetched correctly for customer with ID: 15
2023-04-20 11:05:50 info: wishelist fetched correctly for customer with ID: 15
2023-04-20 11:05:52 info: Products fetched correctly
2023-04-20 11:05:52 info: Products fetched correctly
2023-04-20 11:05:52 info: Products fetched correctly
2023-04-20 11:05:52 info: Products fetched correctly
2023-04-20 11:05:53 info: Products fetched correctly
2023-04-20 11:05:53 info: Products fetched correctly
2023-04-20 11:05:55 info: Product fetched successfully with id: 71
2023-04-20 11:05:55 info: Product fetched successfully with id: 71
2023-04-20 11:05:55 info: Products fetched correctly
2023-04-20 11:05:55 info: Products fetched correctly
2023-04-20 11:05:57 info: fetching user wishlist
2023-04-20 11:05:57 info: wishelist fetched correctly for customer with ID: 15
2023-04-20 11:05:57 info: Orders fetched correctly for customer with ID: 15
2023-04-20 11:05:57 info: fetching user wishlist
2023-04-20 11:05:57 info: wishelist fetched correctly for customer with ID: 15
2023-04-20 11:05:57 info: Orders fetched correctly for customer with ID: 15
